[2017-01-16 10:18:31.2811]  GetQueueActivity ||    at MySql.Data.MySqlClient.MySqlStream.ReadPacket()
   at MySql.Data.MySqlClient.NativeDriver.AuthenticateNew(Boolean reset)
   at MySql.Data.MySqlClient.NativeDriver.Authenticate(Boolean reset)
   at MySql.Data.MySqlClient.NativeDriver.Open()
   at MySql.Data.MySqlClient.Driver.Open()
   at MySql.Data.MySqlClient.Driver.Create(MySqlConnectionStringBuilder settings)
   at MySql.Data.MySqlClient.MySqlPool.GetPooledConnection()
   at MySql.Data.MySqlClient.MySqlPool.TryToGetDriver()
   at MySql.Data.MySqlClient.MySqlPool.GetConnection()
   at MySql.Data.MySqlClient.MySqlConnection.Open()
   at Contact_Center_Kone.Dao.QueueActivityDao.GetQueueActivity() in E:\Project Desktop\Kone\Kone\Contact Center Kone\Dao\QueueActivityDao.cs:line 28 || Unknown database 'call_monitor'
[2017-01-16 10:20:24.1380]  ReceiveCallback ||    at System.Net.Sockets.Socket.EndReceive(IAsyncResult asyncResult)
   at Contact_Center_Kone.Utility.Telephony.ReceiveCallback(IAsyncResult result) in E:\Project Desktop\Kone\Kone\Contact Center Kone\Utility\Telephony.cs:line 93 || An existing connection was forcibly closed by the remote host
[2017-01-16 10:20:25.1515]  Start ||    at System.Net.Sockets.Socket.DoConnect(EndPoint endPointSnapshot, SocketAddress socketAddress)
   at System.Net.Sockets.Socket.Connect(EndPoint remoteEP)
   at Contact_Center_Kone.Utility.Telephony.Start() in E:\Project Desktop\Kone\Kone\Contact Center Kone\Utility\Telephony.cs:line 53 || No connection could be made because the target machine actively refused it 127.0.0.1:6101
[2017-01-16 10:23:43.1521]  GetQueueActivity ||    at MySql.Data.MySqlClient.MySqlStream.ReadPacket()
   at MySql.Data.MySqlClient.NativeDriver.AuthenticateNew(Boolean reset)
   at MySql.Data.MySqlClient.NativeDriver.Authenticate(Boolean reset)
   at MySql.Data.MySqlClient.NativeDriver.Open()
   at MySql.Data.MySqlClient.Driver.Open()
   at MySql.Data.MySqlClient.Driver.Create(MySqlConnectionStringBuilder settings)
   at MySql.Data.MySqlClient.MySqlPool.GetPooledConnection()
   at MySql.Data.MySqlClient.MySqlPool.TryToGetDriver()
   at MySql.Data.MySqlClient.MySqlPool.GetConnection()
   at MySql.Data.MySqlClient.MySqlConnection.Open()
   at Contact_Center_Kone.Dao.QueueActivityDao.GetQueueActivity() in E:\Project Desktop\Kone\Kone\Contact Center Kone\Dao\QueueActivityDao.cs:line 28 || Unknown database 'call_monitor'
[2017-01-16 10:24:12.0167]  ReceiveCallback ||    at System.Net.Sockets.Socket.EndReceive(IAsyncResult asyncResult)
   at Contact_Center_Kone.Utility.Telephony.ReceiveCallback(IAsyncResult result) in E:\Project Desktop\Kone\Kone\Contact Center Kone\Utility\Telephony.cs:line 93 || An existing connection was forcibly closed by the remote host
[2017-01-16 10:24:13.0283]  Start ||    at System.Net.Sockets.Socket.DoConnect(EndPoint endPointSnapshot, SocketAddress socketAddress)
   at System.Net.Sockets.Socket.Connect(EndPoint remoteEP)
   at Contact_Center_Kone.Utility.Telephony.Start() in E:\Project Desktop\Kone\Kone\Contact Center Kone\Utility\Telephony.cs:line 53 || No connection could be made because the target machine actively refused it 127.0.0.1:6101
[2017-01-16 10:26:22.8372]  ReceiveCallback ||    at System.Net.Sockets.Socket.EndReceive(IAsyncResult asyncResult)
   at Contact_Center_Kone.Utility.Telephony.ReceiveCallback(IAsyncResult result) in E:\Project Desktop\Kone\Kone\Contact Center Kone\Utility\Telephony.cs:line 93 || An existing connection was forcibly closed by the remote host
[2017-01-16 10:26:23.8496]  Start ||    at System.Net.Sockets.Socket.DoConnect(EndPoint endPointSnapshot, SocketAddress socketAddress)
   at System.Net.Sockets.Socket.Connect(EndPoint remoteEP)
   at Contact_Center_Kone.Utility.Telephony.Start() in E:\Project Desktop\Kone\Kone\Contact Center Kone\Utility\Telephony.cs:line 53 || No connection could be made because the target machine actively refused it 127.0.0.1:6101
[2017-01-16 10:26:45.4232]  GetQueueActivity ||    at MySql.Data.MySqlClient.MySqlStream.ReadPacket()
   at MySql.Data.MySqlClient.NativeDriver.AuthenticateNew(Boolean reset)
   at MySql.Data.MySqlClient.NativeDriver.Authenticate(Boolean reset)
   at MySql.Data.MySqlClient.NativeDriver.Open()
   at MySql.Data.MySqlClient.Driver.Open()
   at MySql.Data.MySqlClient.Driver.Create(MySqlConnectionStringBuilder settings)
   at MySql.Data.MySqlClient.MySqlPool.GetPooledConnection()
   at MySql.Data.MySqlClient.MySqlPool.TryToGetDriver()
   at MySql.Data.MySqlClient.MySqlPool.GetConnection()
   at MySql.Data.MySqlClient.MySqlConnection.Open()
   at Contact_Center_Kone.Dao.QueueActivityDao.GetQueueActivity() in E:\Project Desktop\Kone\Kone\Contact Center Kone\Dao\QueueActivityDao.cs:line 28 || Unknown database 'call_monitor'
[2017-01-16 10:33:43.0693]  GetAll_Dynamic_inbound ||    at MySql.Data.MySqlClient.ResultSet.GetOrdinal(String name)
   at MySql.Data.MySqlClient.MySqlDataReader.GetOrdinal(String name)
   at MySql.Data.MySqlClient.MySqlDataReader.get_Item(String name)
   at Contact_Center_Kone.Dao.ReportCallDao.GetAll_Dynamic_inbound(String dtefrom, String dteuntil, Int32 userid, Int32 callstatusid) || Could not find specified column in results: callername
[2017-01-16 10:34:12.1488]  InsertLogin_TotalDuration ||    at MySql.Data.MySqlClient.MySqlStream.ReadPacket()
   at MySql.Data.MySqlClient.NativeDriver.GetResult(Int32& affectedRow, Int32& insertedId)
   at MySql.Data.MySqlClient.Driver.GetResult(Int32 statementId, Int32& affectedRows, Int32& insertedId)
   at MySql.Data.MySqlClient.Driver.NextResult(Int32 statementId, Boolean force)
   at MySql.Data.MySqlClient.MySqlDataReader.NextResult()
   at MySql.Data.MySqlClient.MySqlCommand.ExecuteReader(CommandBehavior behavior)
   at MySql.Data.MySqlClient.MySqlCommand.ExecuteNonQuery()
   at Contact_Center_Kone.Dao.UserDao.InsertLogin_TotalDuration() || Truncated incorrect time value: '864'
[2017-01-16 10:34:14.0211]  ReceiveCallback ||    at System.Net.Sockets.Socket.EndReceive(IAsyncResult asyncResult)
   at Contact_Center_Kone.Utility.Telephony.ReceiveCallback(IAsyncResult result) || An existing connection was forcibly closed by the remote host
[2017-01-16 10:34:36.5852]  GetQueueActivity ||    at MySql.Data.MySqlClient.MySqlStream.ReadPacket()
   at MySql.Data.MySqlClient.NativeDriver.AuthenticateNew(Boolean reset)
   at MySql.Data.MySqlClient.NativeDriver.Authenticate(Boolean reset)
   at MySql.Data.MySqlClient.NativeDriver.Open()
   at MySql.Data.MySqlClient.Driver.Open()
   at MySql.Data.MySqlClient.Driver.Create(MySqlConnectionStringBuilder settings)
   at MySql.Data.MySqlClient.MySqlPool.GetPooledConnection()
   at MySql.Data.MySqlClient.MySqlPool.TryToGetDriver()
   at MySql.Data.MySqlClient.MySqlPool.GetConnection()
   at MySql.Data.MySqlClient.MySqlConnection.Open()
   at Contact_Center_Kone.Dao.QueueActivityDao.GetQueueActivity() in E:\Project Desktop\Kone\Kone\Contact Center Kone\Dao\QueueActivityDao.cs:line 28 || Unknown database 'call_monitor'
[2017-01-16 10:35:03.3164]  InsertLogin_TotalDuration ||    at MySql.Data.MySqlClient.MySqlStream.ReadPacket()
   at MySql.Data.MySqlClient.NativeDriver.GetResult(Int32& affectedRow, Int32& insertedId)
   at MySql.Data.MySqlClient.Driver.GetResult(Int32 statementId, Int32& affectedRows, Int32& insertedId)
   at MySql.Data.MySqlClient.Driver.NextResult(Int32 statementId, Boolean force)
   at MySql.Data.MySqlClient.MySqlDataReader.NextResult()
   at MySql.Data.MySqlClient.MySqlCommand.ExecuteReader(CommandBehavior behavior)
   at MySql.Data.MySqlClient.MySqlCommand.ExecuteNonQuery()
   at Contact_Center_Kone.Dao.UserDao.InsertLogin_TotalDuration() in E:\Project Desktop\Kone\Kone\Contact Center Kone\Dao\UserDao.cs:line 732 || Truncated incorrect time value: '164'
[2017-01-16 10:35:05.2586]  ReceiveCallback ||    at System.Net.Sockets.Socket.EndReceive(IAsyncResult asyncResult)
   at Contact_Center_Kone.Utility.Telephony.ReceiveCallback(IAsyncResult result) in E:\Project Desktop\Kone\Kone\Contact Center Kone\Utility\Telephony.cs:line 93 || An existing connection was forcibly closed by the remote host
[2017-01-16 10:35:06.2700]  Start ||    at System.Net.Sockets.Socket.DoConnect(EndPoint endPointSnapshot, SocketAddress socketAddress)
   at System.Net.Sockets.Socket.Connect(EndPoint remoteEP)
   at Contact_Center_Kone.Utility.Telephony.Start() in E:\Project Desktop\Kone\Kone\Contact Center Kone\Utility\Telephony.cs:line 53 || No connection could be made because the target machine actively refused it 127.0.0.1:6101
[2017-01-16 10:36:00.5260]  GetQueueActivity ||    at MySql.Data.MySqlClient.MySqlStream.ReadPacket()
   at MySql.Data.MySqlClient.NativeDriver.AuthenticateNew(Boolean reset)
   at MySql.Data.MySqlClient.NativeDriver.Authenticate(Boolean reset)
   at MySql.Data.MySqlClient.NativeDriver.Open()
   at MySql.Data.MySqlClient.Driver.Open()
   at MySql.Data.MySqlClient.Driver.Create(MySqlConnectionStringBuilder settings)
   at MySql.Data.MySqlClient.MySqlPool.GetPooledConnection()
   at MySql.Data.MySqlClient.MySqlPool.TryToGetDriver()
   at MySql.Data.MySqlClient.MySqlPool.GetConnection()
   at MySql.Data.MySqlClient.MySqlConnection.Open()
   at Contact_Center_Kone.Dao.QueueActivityDao.GetQueueActivity() in E:\Project Desktop\Kone\Kone\Contact Center Kone\Dao\QueueActivityDao.cs:line 28 || Unknown database 'call_monitor'
[2017-01-16 10:36:21.2772]  ReceiveCallback ||    at System.Net.Sockets.Socket.EndReceive(IAsyncResult asyncResult)
   at Contact_Center_Kone.Utility.Telephony.ReceiveCallback(IAsyncResult result) in E:\Project Desktop\Kone\Kone\Contact Center Kone\Utility\Telephony.cs:line 93 || An existing connection was forcibly closed by the remote host
[2017-01-16 10:36:22.3046]  Start ||    at System.Net.Sockets.Socket.DoConnect(EndPoint endPointSnapshot, SocketAddress socketAddress)
   at System.Net.Sockets.Socket.Connect(EndPoint remoteEP)
   at Contact_Center_Kone.Utility.Telephony.Start() in E:\Project Desktop\Kone\Kone\Contact Center Kone\Utility\Telephony.cs:line 53 || No connection could be made because the target machine actively refused it 127.0.0.1:6101
[2017-01-16 10:58:59.3191]  GetQueueActivity ||    at MySql.Data.MySqlClient.MySqlStream.ReadPacket()
   at MySql.Data.MySqlClient.NativeDriver.AuthenticateNew(Boolean reset)
   at MySql.Data.MySqlClient.NativeDriver.Authenticate(Boolean reset)
   at MySql.Data.MySqlClient.NativeDriver.Open()
   at MySql.Data.MySqlClient.Driver.Open()
   at MySql.Data.MySqlClient.Driver.Create(MySqlConnectionStringBuilder settings)
   at MySql.Data.MySqlClient.MySqlPool.GetPooledConnection()
   at MySql.Data.MySqlClient.MySqlPool.TryToGetDriver()
   at MySql.Data.MySqlClient.MySqlPool.GetConnection()
   at MySql.Data.MySqlClient.MySqlConnection.Open()
   at Contact_Center_Kone.Dao.QueueActivityDao.GetQueueActivity() in E:\Project Desktop\Kone\Kone\Contact Center Kone\Dao\QueueActivityDao.cs:line 28 || Unknown database 'call_monitor'
[2017-01-16 10:59:51.5444]  ReceiveCallback ||    at System.Net.Sockets.Socket.EndReceive(IAsyncResult asyncResult)
   at Contact_Center_Kone.Utility.Telephony.ReceiveCallback(IAsyncResult result) in E:\Project Desktop\Kone\Kone\Contact Center Kone\Utility\Telephony.cs:line 93 || An existing connection was forcibly closed by the remote host
[2017-01-16 10:59:52.5612]  Start ||    at System.Net.Sockets.Socket.DoConnect(EndPoint endPointSnapshot, SocketAddress socketAddress)
   at System.Net.Sockets.Socket.Connect(EndPoint remoteEP)
   at Contact_Center_Kone.Utility.Telephony.Start() in E:\Project Desktop\Kone\Kone\Contact Center Kone\Utility\Telephony.cs:line 53 || No connection could be made because the target machine actively refused it 127.0.0.1:6101
