[2016-12-08 10:25:15.3329]  GetQueueActivity ||    at MySql.Data.MySqlClient.MySqlStream.ReadPacket()
   at MySql.Data.MySqlClient.NativeDriver.AuthenticateNew(Boolean reset)
   at MySql.Data.MySqlClient.NativeDriver.Authenticate(Boolean reset)
   at MySql.Data.MySqlClient.NativeDriver.Open()
   at MySql.Data.MySqlClient.Driver.Open()
   at MySql.Data.MySqlClient.Driver.Create(MySqlConnectionStringBuilder settings)
   at MySql.Data.MySqlClient.MySqlPool.GetPooledConnection()
   at MySql.Data.MySqlClient.MySqlPool.TryToGetDriver()
   at MySql.Data.MySqlClient.MySqlPool.GetConnection()
   at MySql.Data.MySqlClient.MySqlConnection.Open()
   at Contact_Center_Difable.Dao.QueueActivityDao.GetQueueActivity() in E:\Project Desktop\Cc Difabel\Contact Center Difable\Dao\QueueActivityDao.cs:line 28 || Unknown database 'call_monitor'
[2016-12-08 10:26:10.0152]  ReceiveCallback ||    at System.Net.Sockets.Socket.EndReceive(IAsyncResult asyncResult)
   at Contact_Center_Difable.Utility.Telephony.ReceiveCallback(IAsyncResult result) in E:\Project Desktop\Cc Difabel\Contact Center Difable\Utility\Telephony.cs:line 93 || An existing connection was forcibly closed by the remote host
[2016-12-08 10:26:11.0393]  Start ||    at System.Net.Sockets.Socket.DoConnect(EndPoint endPointSnapshot, SocketAddress socketAddress)
   at System.Net.Sockets.Socket.Connect(EndPoint remoteEP)
   at Contact_Center_Difable.Utility.Telephony.Start() in E:\Project Desktop\Cc Difabel\Contact Center Difable\Utility\Telephony.cs:line 53 || No connection could be made because the target machine actively refused it 127.0.0.1:6093
[2016-12-08 10:26:24.8024]  GetQueueActivity ||    at MySql.Data.MySqlClient.MySqlStream.ReadPacket()
   at MySql.Data.MySqlClient.NativeDriver.AuthenticateNew(Boolean reset)
   at MySql.Data.MySqlClient.NativeDriver.Authenticate(Boolean reset)
   at MySql.Data.MySqlClient.NativeDriver.Open()
   at MySql.Data.MySqlClient.Driver.Open()
   at MySql.Data.MySqlClient.Driver.Create(MySqlConnectionStringBuilder settings)
   at MySql.Data.MySqlClient.MySqlPool.GetPooledConnection()
   at MySql.Data.MySqlClient.MySqlPool.TryToGetDriver()
   at MySql.Data.MySqlClient.MySqlPool.GetConnection()
   at MySql.Data.MySqlClient.MySqlConnection.Open()
   at Contact_Center_Difable.Dao.QueueActivityDao.GetQueueActivity() in E:\Project Desktop\Cc Difabel\Contact Center Difable\Dao\QueueActivityDao.cs:line 28 || Unknown database 'call_monitor'
[2016-12-08 10:28:41.1628]  ReceiveCallback ||    at System.Net.Sockets.Socket.EndReceive(IAsyncResult asyncResult)
   at Contact_Center_Difable.Utility.Telephony.ReceiveCallback(IAsyncResult result) in E:\Project Desktop\Cc Difabel\Contact Center Difable\Utility\Telephony.cs:line 93 || An existing connection was forcibly closed by the remote host
[2016-12-08 10:28:42.2150]  Start ||    at System.Net.Sockets.Socket.DoConnect(EndPoint endPointSnapshot, SocketAddress socketAddress)
   at System.Net.Sockets.Socket.Connect(EndPoint remoteEP)
   at Contact_Center_Difable.Utility.Telephony.Start() in E:\Project Desktop\Cc Difabel\Contact Center Difable\Utility\Telephony.cs:line 53 || No connection could be made because the target machine actively refused it 127.0.0.1:6093
[2016-12-08 10:31:17.1769]  CountSms ||    at MyNetworkStream.HandleOrRethrowException(Exception e)
   at MyNetworkStream.Read(Byte[] buffer, Int32 offset, Int32 count)
   at MySql.Data.MySqlClient.TimedStream.Read(Byte[] buffer, Int32 offset, Int32 count)
   at System.IO.BufferedStream.Read(Byte[] array, Int32 offset, Int32 count)
   at MySql.Data.MySqlClient.MySqlStream.ReadFully(Stream stream, Byte[] buffer, Int32 offset, Int32 count)
   at MySql.Data.MySqlClient.MySqlStream.LoadPacket()
   at MySql.Data.MySqlClient.MySqlStream.ReadPacket()
   at MySql.Data.MySqlClient.NativeDriver.GetResult(Int32& affectedRow, Int32& insertedId)
   at MySql.Data.MySqlClient.Driver.GetResult(Int32 statementId, Int32& affectedRows, Int32& insertedId)
   at MySql.Data.MySqlClient.Driver.NextResult(Int32 statementId, Boolean force)
   at MySql.Data.MySqlClient.MySqlDataReader.NextResult()
   at MySql.Data.MySqlClient.MySqlCommand.ExecuteReader(CommandBehavior behavior)
   at MySql.Data.MySqlClient.MySqlCommand.ExecuteReader()
   at Contact_Center_Difable.Dao.LogSmsDao.CountSms() in E:\Project Desktop\Cc Difabel\Contact Center Difable\Dao\LogSmsDao.cs:line 253 || Thread was being aborted.
[2016-12-08 10:31:17.2608]  SendData ||    at System.Net.Sockets.Socket.Send(Byte[] buffer, Int32 offset, Int32 size, SocketFlags socketFlags)
   at System.Net.Sockets.Socket.Send(Byte[] buffer, Int32 size, SocketFlags socketFlags)
   at Contact_Center_Difable.Utility.Telephony.SendData(String data) in E:\Project Desktop\Cc Difabel\Contact Center Difable\Utility\Telephony.cs:line 133 || An existing connection was forcibly closed by the remote host
[2016-12-08 10:31:17.2608]  GetChart ||    at System.Threading.Thread.SleepInternal(Int32 millisecondsTimeout)
   at System.Threading.Thread.Sleep(Int32 millisecondsTimeout)
   at Contact_Center_Difable.View.Dashboard.GetChart() in E:\Project Desktop\Cc Difabel\Contact Center Difable\View\Dashboard.cs:line 74 || Thread was being aborted.
[2016-12-08 10:31:19.1148]  ChangeActivityUser ||    at MySql.Data.MySqlClient.MySqlCommand.ExecuteNonQuery()
   at Contact_Center_Difable.Dao.UserDao.ChangeActivityUser(String userId, String activityId) in E:\Project Desktop\Cc Difabel\Contact Center Difable\Dao\UserDao.cs:line 910 || Object reference not set to an instance of an object.
[2016-12-08 10:48:30.0116]  GetQueueActivity ||    at MySql.Data.MySqlClient.MySqlStream.ReadPacket()
   at MySql.Data.MySqlClient.NativeDriver.AuthenticateNew(Boolean reset)
   at MySql.Data.MySqlClient.NativeDriver.Authenticate(Boolean reset)
   at MySql.Data.MySqlClient.NativeDriver.Open()
   at MySql.Data.MySqlClient.Driver.Open()
   at MySql.Data.MySqlClient.Driver.Create(MySqlConnectionStringBuilder settings)
   at MySql.Data.MySqlClient.MySqlPool.GetPooledConnection()
   at MySql.Data.MySqlClient.MySqlPool.TryToGetDriver()
   at MySql.Data.MySqlClient.MySqlPool.GetConnection()
   at MySql.Data.MySqlClient.MySqlConnection.Open()
   at Contact_Center_Difable.Dao.QueueActivityDao.GetQueueActivity() in E:\Project Desktop\Cc Difabel\Contact Center Difable\Dao\QueueActivityDao.cs:line 28 || Unknown database 'call_monitor'
[2016-12-08 10:51:17.0183]  ReceiveCallback ||    at System.Net.Sockets.Socket.EndReceive(IAsyncResult asyncResult)
   at Contact_Center_Difable.Utility.Telephony.ReceiveCallback(IAsyncResult result) in E:\Project Desktop\Cc Difabel\Contact Center Difable\Utility\Telephony.cs:line 93 || An existing connection was forcibly closed by the remote host
[2016-12-08 10:51:32.3664]  GetQueueActivity ||    at MySql.Data.MySqlClient.MySqlStream.ReadPacket()
   at MySql.Data.MySqlClient.NativeDriver.AuthenticateNew(Boolean reset)
   at MySql.Data.MySqlClient.NativeDriver.Authenticate(Boolean reset)
   at MySql.Data.MySqlClient.NativeDriver.Open()
   at MySql.Data.MySqlClient.Driver.Open()
   at MySql.Data.MySqlClient.Driver.Create(MySqlConnectionStringBuilder settings)
   at MySql.Data.MySqlClient.MySqlPool.GetPooledConnection()
   at MySql.Data.MySqlClient.MySqlPool.TryToGetDriver()
   at MySql.Data.MySqlClient.MySqlPool.GetConnection()
   at MySql.Data.MySqlClient.MySqlConnection.Open()
   at Contact_Center_Difable.Dao.QueueActivityDao.GetQueueActivity() in E:\Project Desktop\Cc Difabel\Contact Center Difable\Dao\QueueActivityDao.cs:line 28 || Unknown database 'call_monitor'
[2016-12-08 10:52:46.8282]  ReceiveCallback ||    at System.Net.Sockets.Socket.EndReceive(IAsyncResult asyncResult)
   at Contact_Center_Difable.Utility.Telephony.ReceiveCallback(IAsyncResult result) in E:\Project Desktop\Cc Difabel\Contact Center Difable\Utility\Telephony.cs:line 93 || An existing connection was forcibly closed by the remote host
[2016-12-08 10:52:47.8982]  Start ||    at System.Net.Sockets.Socket.DoConnect(EndPoint endPointSnapshot, SocketAddress socketAddress)
   at System.Net.Sockets.Socket.Connect(EndPoint remoteEP)
   at Contact_Center_Difable.Utility.Telephony.Start() in E:\Project Desktop\Cc Difabel\Contact Center Difable\Utility\Telephony.cs:line 53 || No connection could be made because the target machine actively refused it 127.0.0.1:6093
[2016-12-08 10:53:48.1854]  InsertLogin_TotalDuration ||    at MySql.Data.MySqlClient.MySqlStream.ReadPacket()
   at MySql.Data.MySqlClient.NativeDriver.GetResult(Int32& affectedRow, Int32& insertedId)
   at MySql.Data.MySqlClient.Driver.GetResult(Int32 statementId, Int32& affectedRows, Int32& insertedId)
   at MySql.Data.MySqlClient.Driver.NextResult(Int32 statementId, Boolean force)
   at MySql.Data.MySqlClient.MySqlDataReader.NextResult()
   at MySql.Data.MySqlClient.MySqlCommand.ExecuteReader(CommandBehavior behavior)
   at MySql.Data.MySqlClient.MySqlCommand.ExecuteNonQuery()
   at Contact_Center_Difable.Dao.UserDao.InsertLogin_TotalDuration() in E:\Project Desktop\Cc Difabel\Contact Center Difable\Dao\UserDao.cs:line 732 || Truncated incorrect time value: '967'
[2016-12-08 10:53:48.2540]  SendData ||    at System.Net.Sockets.Socket.Send(Byte[] buffer, Int32 offset, Int32 size, SocketFlags socketFlags)
   at System.Net.Sockets.Socket.Send(Byte[] buffer, Int32 size, SocketFlags socketFlags)
   at Contact_Center_Difable.Utility.Telephony.SendData(String data) in E:\Project Desktop\Cc Difabel\Contact Center Difable\Utility\Telephony.cs:line 133 || An existing connection was forcibly closed by the remote host
[2016-12-08 10:54:53.0941]  GetQueueActivity ||    at MySql.Data.MySqlClient.MySqlStream.ReadPacket()
   at MySql.Data.MySqlClient.NativeDriver.AuthenticateNew(Boolean reset)
   at MySql.Data.MySqlClient.NativeDriver.Authenticate(Boolean reset)
   at MySql.Data.MySqlClient.NativeDriver.Open()
   at MySql.Data.MySqlClient.Driver.Open()
   at MySql.Data.MySqlClient.Driver.Create(MySqlConnectionStringBuilder settings)
   at MySql.Data.MySqlClient.MySqlPool.GetPooledConnection()
   at MySql.Data.MySqlClient.MySqlPool.TryToGetDriver()
   at MySql.Data.MySqlClient.MySqlPool.GetConnection()
   at MySql.Data.MySqlClient.MySqlConnection.Open()
   at Contact_Center_Difable.Dao.QueueActivityDao.GetQueueActivity() in E:\Project Desktop\Cc Difabel\Contact Center Difable\Dao\QueueActivityDao.cs:line 28 || Unknown database 'call_monitor'
[2016-12-08 10:55:46.4482]  ReceiveCallback ||    at System.Net.Sockets.Socket.EndReceive(IAsyncResult asyncResult)
   at Contact_Center_Difable.Utility.Telephony.ReceiveCallback(IAsyncResult result) in E:\Project Desktop\Cc Difabel\Contact Center Difable\Utility\Telephony.cs:line 93 || An existing connection was forcibly closed by the remote host
[2016-12-08 10:55:47.4708]  Start ||    at System.Net.Sockets.Socket.DoConnect(EndPoint endPointSnapshot, SocketAddress socketAddress)
   at System.Net.Sockets.Socket.Connect(EndPoint remoteEP)
   at Contact_Center_Difable.Utility.Telephony.Start() in E:\Project Desktop\Cc Difabel\Contact Center Difable\Utility\Telephony.cs:line 53 || No connection could be made because the target machine actively refused it 127.0.0.1:6093
[2016-12-08 10:56:25.2591]  GetQueueActivity ||    at MySql.Data.MySqlClient.MySqlStream.ReadPacket()
   at MySql.Data.MySqlClient.NativeDriver.AuthenticateNew(Boolean reset)
   at MySql.Data.MySqlClient.NativeDriver.Authenticate(Boolean reset)
   at MySql.Data.MySqlClient.NativeDriver.Open()
   at MySql.Data.MySqlClient.Driver.Open()
   at MySql.Data.MySqlClient.Driver.Create(MySqlConnectionStringBuilder settings)
   at MySql.Data.MySqlClient.MySqlPool.GetPooledConnection()
   at MySql.Data.MySqlClient.MySqlPool.TryToGetDriver()
   at MySql.Data.MySqlClient.MySqlPool.GetConnection()
   at MySql.Data.MySqlClient.MySqlConnection.Open()
   at Contact_Center_Difable.Dao.QueueActivityDao.GetQueueActivity() in E:\Project Desktop\Cc Difabel\Contact Center Difable\Dao\QueueActivityDao.cs:line 28 || Unknown database 'call_monitor'
[2016-12-08 10:56:54.6661]  ReceiveCallback ||    at System.Net.Sockets.Socket.EndReceive(IAsyncResult asyncResult)
   at Contact_Center_Difable.Utility.Telephony.ReceiveCallback(IAsyncResult result) in E:\Project Desktop\Cc Difabel\Contact Center Difable\Utility\Telephony.cs:line 93 || An existing connection was forcibly closed by the remote host
[2016-12-08 10:56:55.6820]  Start ||    at System.Net.Sockets.Socket.DoConnect(EndPoint endPointSnapshot, SocketAddress socketAddress)
   at System.Net.Sockets.Socket.Connect(EndPoint remoteEP)
   at Contact_Center_Difable.Utility.Telephony.Start() in E:\Project Desktop\Cc Difabel\Contact Center Difable\Utility\Telephony.cs:line 53 || No connection could be made because the target machine actively refused it 127.0.0.1:6093
[2016-12-08 10:59:56.1548]  GetQueueActivity ||    at MySql.Data.MySqlClient.MySqlStream.ReadPacket()
   at MySql.Data.MySqlClient.NativeDriver.AuthenticateNew(Boolean reset)
   at MySql.Data.MySqlClient.NativeDriver.Authenticate(Boolean reset)
   at MySql.Data.MySqlClient.NativeDriver.Open()
   at MySql.Data.MySqlClient.Driver.Open()
   at MySql.Data.MySqlClient.Driver.Create(MySqlConnectionStringBuilder settings)
   at MySql.Data.MySqlClient.MySqlPool.GetPooledConnection()
   at MySql.Data.MySqlClient.MySqlPool.TryToGetDriver()
   at MySql.Data.MySqlClient.MySqlPool.GetConnection()
   at MySql.Data.MySqlClient.MySqlConnection.Open()
   at Contact_Center_Difable.Dao.QueueActivityDao.GetQueueActivity() in E:\Project Desktop\Cc Difabel\Contact Center Difable\Dao\QueueActivityDao.cs:line 28 || Unknown database 'call_monitor'
[2016-12-08 11:02:38.7325]  InsertLogin_TotalDuration ||    at MySql.Data.MySqlClient.MySqlStream.ReadPacket()
   at MySql.Data.MySqlClient.NativeDriver.GetResult(Int32& affectedRow, Int32& insertedId)
   at MySql.Data.MySqlClient.Driver.GetResult(Int32 statementId, Int32& affectedRows, Int32& insertedId)
   at MySql.Data.MySqlClient.Driver.NextResult(Int32 statementId, Boolean force)
   at MySql.Data.MySqlClient.MySqlDataReader.NextResult()
   at MySql.Data.MySqlClient.MySqlCommand.ExecuteReader(CommandBehavior behavior)
   at MySql.Data.MySqlClient.MySqlCommand.ExecuteNonQuery()
   at Contact_Center_Difable.Dao.UserDao.InsertLogin_TotalDuration() in E:\Project Desktop\Cc Difabel\Contact Center Difable\Dao\UserDao.cs:line 732 || Truncated incorrect time value: '1073'
[2016-12-08 11:02:40.6048]  ReceiveCallback ||    at System.Net.Sockets.Socket.EndReceive(IAsyncResult asyncResult)
   at Contact_Center_Difable.Utility.Telephony.ReceiveCallback(IAsyncResult result) in E:\Project Desktop\Cc Difabel\Contact Center Difable\Utility\Telephony.cs:line 93 || An existing connection was forcibly closed by the remote host
[2016-12-08 11:02:41.6162]  Start ||    at System.Net.Sockets.Socket.DoConnect(EndPoint endPointSnapshot, SocketAddress socketAddress)
   at System.Net.Sockets.Socket.Connect(EndPoint remoteEP)
   at Contact_Center_Difable.Utility.Telephony.Start() in E:\Project Desktop\Cc Difabel\Contact Center Difable\Utility\Telephony.cs:line 53 || No connection could be made because the target machine actively refused it 127.0.0.1:6093
