[2016-12-13 20:59:07.7514]  Login ||    at MySql.Data.MySqlClient.NativeDriver.Open()
   at MySql.Data.MySqlClient.Driver.Open()
   at MySql.Data.MySqlClient.Driver.Create(MySqlConnectionStringBuilder settings)
   at MySql.Data.MySqlClient.MySqlPool.GetPooledConnection()
   at MySql.Data.MySqlClient.MySqlPool.TryToGetDriver()
   at MySql.Data.MySqlClient.MySqlPool.GetConnection()
   at MySql.Data.MySqlClient.MySqlConnection.Open()
   at Contact_Center_Difable.Dao.UserDao.Login(User user) in E:\Project Desktop\Cc Difabel\Contact Center Difable\Dao\UserDao.cs:line 69 || Unable to connect to any of the specified MySQL hosts.
[2016-12-13 20:59:16.1053]  Login ||    at MySql.Data.MySqlClient.NativeDriver.Open()
   at MySql.Data.MySqlClient.Driver.Open()
   at MySql.Data.MySqlClient.Driver.Create(MySqlConnectionStringBuilder settings)
   at MySql.Data.MySqlClient.MySqlPool.GetPooledConnection()
   at MySql.Data.MySqlClient.MySqlPool.TryToGetDriver()
   at MySql.Data.MySqlClient.MySqlPool.GetConnection()
   at MySql.Data.MySqlClient.MySqlConnection.Open()
   at Contact_Center_Difable.Dao.UserDao.Login(User user) in E:\Project Desktop\Cc Difabel\Contact Center Difable\Dao\UserDao.cs:line 69 || Unable to connect to any of the specified MySQL hosts.
[2016-12-13 21:00:20.8642]  GetQueueActivity ||    at MySql.Data.MySqlClient.MySqlStream.ReadPacket()
   at MySql.Data.MySqlClient.NativeDriver.AuthenticateNew(Boolean reset)
   at MySql.Data.MySqlClient.NativeDriver.Authenticate(Boolean reset)
   at MySql.Data.MySqlClient.NativeDriver.Open()
   at MySql.Data.MySqlClient.Driver.Open()
   at MySql.Data.MySqlClient.Driver.Create(MySqlConnectionStringBuilder settings)
   at MySql.Data.MySqlClient.MySqlPool.GetPooledConnection()
   at MySql.Data.MySqlClient.MySqlPool.TryToGetDriver()
   at MySql.Data.MySqlClient.MySqlPool.GetConnection()
   at MySql.Data.MySqlClient.MySqlConnection.Open()
   at Contact_Center_Difable.Dao.QueueActivityDao.GetQueueActivity() in E:\Project Desktop\Cc Difabel\Contact Center Difable\Dao\QueueActivityDao.cs:line 28 || Unknown database 'call_monitor'
