[2017-02-07 14:47:30.8645]  ReceiveCallback ||    at System.Net.Sockets.Socket.EndReceive(IAsyncResult asyncResult)
   at Contact_Center_Kone.Utility.Telephony.ReceiveCallback(IAsyncResult result) in E:\Project Desktop\Kone\Kone\Contact Center Kone\Utility\Telephony.cs:line 93 || An existing connection was forcibly closed by the remote host
[2017-02-07 14:47:31.8757]  Start ||    at System.Net.Sockets.Socket.DoConnect(EndPoint endPointSnapshot, SocketAddress socketAddress)
   at System.Net.Sockets.Socket.Connect(EndPoint remoteEP)
   at Contact_Center_Kone.Utility.Telephony.Start() in E:\Project Desktop\Kone\Kone\Contact Center Kone\Utility\Telephony.cs:line 53 || No connection could be made because the target machine actively refused it 127.0.0.1:6101
[2017-02-07 16:54:29.4908]  ReceiveCallback ||    at System.Net.Sockets.Socket.EndReceive(IAsyncResult asyncResult)
   at Contact_Center_Kone.Utility.Telephony.ReceiveCallback(IAsyncResult result) in E:\Project Desktop\Kone\Kone\Contact Center Kone\Utility\Telephony.cs:line 93 || An existing connection was forcibly closed by the remote host
[2017-02-07 16:59:14.4650]  ReceiveCallback ||    at System.Net.Sockets.Socket.EndReceive(IAsyncResult asyncResult)
   at Contact_Center_Kone.Utility.Telephony.ReceiveCallback(IAsyncResult result) in E:\Project Desktop\Kone\Kone\Contact Center Kone\Utility\Telephony.cs:line 93 || An existing connection was forcibly closed by the remote host
[2017-02-07 16:59:22.3766]  ReceiveCallback ||    at System.Net.Sockets.Socket.EndReceive(IAsyncResult asyncResult)
   at Contact_Center_Kone.Utility.Telephony.ReceiveCallback(IAsyncResult result) in E:\Project Desktop\Kone\Kone\Contact Center Kone\Utility\Telephony.cs:line 93 || An existing connection was forcibly closed by the remote host
[2017-02-07 16:59:23.3894]  Start ||    at System.Net.Sockets.Socket.DoConnect(EndPoint endPointSnapshot, SocketAddress socketAddress)
   at System.Net.Sockets.Socket.Connect(EndPoint remoteEP)
   at Contact_Center_Kone.Utility.Telephony.Start() in E:\Project Desktop\Kone\Kone\Contact Center Kone\Utility\Telephony.cs:line 53 || No connection could be made because the target machine actively refused it 127.0.0.1:6101
[2017-02-07 17:00:48.0925]  ReceiveCallback ||    at System.Net.Sockets.Socket.EndReceive(IAsyncResult asyncResult)
   at Contact_Center_Kone.Utility.Telephony.ReceiveCallback(IAsyncResult result) in E:\Project Desktop\Kone\Kone\Contact Center Kone\Utility\Telephony.cs:line 93 || An existing connection was forcibly closed by the remote host
[2017-02-07 17:17:49.7582]  InsertLogin_TotalDuration ||    at MySql.Data.MySqlClient.MySqlStream.ReadPacket()
   at MySql.Data.MySqlClient.NativeDriver.GetResult(Int32& affectedRow, Int32& insertedId)
   at MySql.Data.MySqlClient.Driver.GetResult(Int32 statementId, Int32& affectedRows, Int32& insertedId)
   at MySql.Data.MySqlClient.Driver.NextResult(Int32 statementId, Boolean force)
   at MySql.Data.MySqlClient.MySqlDataReader.NextResult()
   at MySql.Data.MySqlClient.MySqlCommand.ExecuteReader(CommandBehavior behavior)
   at MySql.Data.MySqlClient.MySqlCommand.ExecuteNonQuery()
   at Contact_Center_Kone.Dao.UserDao.InsertLogin_TotalDuration() || Truncated incorrect time value: '1490:13:08'
[2017-02-07 17:17:51.4620]  ReceiveCallback ||    at System.Net.Sockets.Socket.EndReceive(IAsyncResult asyncResult)
   at Contact_Center_Kone.Utility.Telephony.ReceiveCallback(IAsyncResult result) || An existing connection was forcibly closed by the remote host
[2017-02-07 17:19:27.9783]  ReceiveCallback ||    at System.Net.Sockets.Socket.EndReceive(IAsyncResult asyncResult)
   at Contact_Center_Kone.Utility.Telephony.ReceiveCallback(IAsyncResult result) in E:\Project Desktop\Kone\Kone\Contact Center Kone\Utility\Telephony.cs:line 93 || An existing connection was forcibly closed by the remote host
[2017-02-07 17:19:29.0066]  Start ||    at System.Net.Sockets.Socket.DoConnect(EndPoint endPointSnapshot, SocketAddress socketAddress)
   at System.Net.Sockets.Socket.Connect(EndPoint remoteEP)
   at Contact_Center_Kone.Utility.Telephony.Start() in E:\Project Desktop\Kone\Kone\Contact Center Kone\Utility\Telephony.cs:line 53 || No connection could be made because the target machine actively refused it 127.0.0.1:6101
[2017-02-07 17:24:58.5909]  ReceiveCallback ||    at System.Net.Sockets.Socket.EndReceive(IAsyncResult asyncResult)
   at Contact_Center_Kone.Utility.Telephony.ReceiveCallback(IAsyncResult result) || An existing connection was forcibly closed by the remote host
