[2017-02-16 13:27:50.7614]  1486875778.21
[2017-02-16 13:27:51.0216]  1486875778.21
[2017-02-16 13:27:51.3338]  1486875778.21
[2017-02-16 13:27:51.6481]  1486875778.21
[2017-02-16 13:27:51.9608]  1486875778.21
[2017-02-16 13:41:29.3660]  1486876618.24
[2017-02-16 13:41:29.7125]  1486876618.24
[2017-02-16 13:41:29.9937]  1486876618.24
[2017-02-16 13:41:30.3030]  1486876618.24
[2017-02-16 13:41:30.6177]  1486876618.24
[2017-02-16 13:41:30.9309]  1486876618.24
[2017-02-16 13:41:31.2422]  1486876618.24
[2017-02-16 13:41:31.5529]  1486876618.24
[2017-02-16 13:41:31.8692]  1486876618.24
[2017-02-16 13:41:32.1824]  1486876618.24
[2017-02-16 13:41:32.4926]  1486876618.24
[2017-02-16 13:41:32.8028]  1486876618.24
[2017-02-16 13:41:33.1185]  1486876618.24
[2017-02-16 13:41:33.4288]  1486876618.24
[2017-02-16 13:41:33.7430]  1486876618.24
[2017-02-16 13:41:34.0522]  1486876618.24
[2017-02-16 13:41:34.3669]  1486876618.24
[2017-02-16 13:41:34.6787]  1486876618.24
[2017-02-16 13:41:34.9924]  1486876618.24
[2017-02-16 13:47:35.3570]  1486876977.26
[2017-02-16 13:47:35.6638]  1486876977.26
[2017-02-16 13:47:35.9770]  1486876977.26
[2017-02-16 13:47:36.2882]  1486876977.26
[2017-02-16 13:47:36.6004]  1486876977.26
[2017-02-16 13:47:36.9332]  1486876977.26
[2017-02-16 13:47:37.2259]  1486876977.26
[2017-02-16 13:47:37.5406]  1486876977.26
[2017-02-16 13:47:37.8518]  1486876977.26
[2017-02-16 13:47:38.1635]  1486876977.26
[2017-02-16 13:47:38.4763]  1486876977.26
[2017-02-16 13:47:38.7870]  1486876977.26
[2017-02-16 13:47:39.1007]  1486876977.26
[2017-02-16 13:47:39.4239]  1486876977.26
[2017-02-16 13:47:39.7276]  1486876977.26
[2017-02-16 13:47:40.0389]  1486876977.26
[2017-02-16 13:47:40.3506]  1486876977.26
[2017-02-16 13:47:40.6628]  1486876977.26
[2017-02-16 13:47:40.9765]  1486876977.26
[2017-02-16 13:47:41.2890]  1486876977.26
[2017-02-16 13:47:41.6013]  1486876977.26
[2017-02-16 13:47:41.9130]  1486876977.26
[2017-02-16 13:48:33.6560]  ReceiveCallback ||    at System.Net.Sockets.Socket.EndReceive(IAsyncResult asyncResult)
   at Contact_Center_Kone.Utility.Telephony.ReceiveCallback(IAsyncResult result) in E:\Project Desktop\Kone\Kone\Contact Center Kone\Utility\Telephony.cs:line 93 || An existing connection was forcibly closed by the remote host
[2017-02-16 13:48:34.6698]  Start ||    at System.Net.Sockets.Socket.DoConnect(EndPoint endPointSnapshot, SocketAddress socketAddress)
   at System.Net.Sockets.Socket.Connect(EndPoint remoteEP)
   at Contact_Center_Kone.Utility.Telephony.Start() in E:\Project Desktop\Kone\Kone\Contact Center Kone\Utility\Telephony.cs:line 53 || No connection could be made because the target machine actively refused it 127.0.0.1:6101
[2017-02-16 20:20:16.1675]  
[2017-02-16 20:20:16.4777]  
[2017-02-16 20:20:16.7894]  
[2017-02-16 20:20:17.1011]  
[2017-02-16 20:20:17.4178]  
[2017-02-16 20:20:17.7271]  
[2017-02-16 20:20:18.0393]  
[2017-02-16 20:20:18.3530]  
[2017-02-16 20:20:18.6667]  
[2017-02-16 20:20:18.9795]  
[2017-02-16 20:20:19.2887]  
[2017-02-16 20:20:19.6029]  
[2017-02-16 20:20:19.9161]  
[2017-02-16 20:20:20.2268]  
[2017-02-16 20:20:20.5411]  
[2017-02-16 20:20:20.8533]  
[2017-02-16 20:20:21.1660]  
[2017-02-16 20:20:21.4797]  
[2017-02-16 20:20:21.7930]  
[2017-02-16 20:20:22.1032]  
[2017-02-16 20:20:22.4169]  
[2017-02-16 20:20:22.7271]  
[2017-02-16 20:20:23.0403]  
[2017-02-16 20:20:23.3536]  
[2017-02-16 20:20:23.6658]  
[2017-02-16 20:20:23.9780]  
[2017-02-16 20:20:24.2882]  
[2017-02-16 20:20:24.6030]  
[2017-02-16 20:20:24.9162]  
[2017-02-16 20:20:25.2319]  
[2017-02-16 20:20:25.5421]  
[2017-02-16 20:20:25.8553]  
[2017-02-16 20:20:26.1641]  
[2017-02-16 20:20:26.4768]  
[2017-02-16 20:20:26.7890]  
[2017-02-16 20:20:27.1037]  
[2017-02-16 20:20:27.4145]  
[2017-02-16 20:20:27.7262]  
[2017-02-16 20:20:28.0404]  
[2017-02-16 20:20:28.3526]  
[2017-02-16 20:20:28.6663]  
[2017-02-16 20:20:28.9751]  
[2017-02-16 20:20:29.2888]  
[2017-02-16 20:20:29.6025]  
[2017-02-16 20:20:29.9147]  
[2017-02-16 20:20:30.2265]  
[2017-02-16 20:20:30.5392]  
[2017-02-16 20:20:32.4786]  UpdateStatusCallMonitors ||    at MySql.Data.MySqlClient.MySqlStream.ReadPacket()
   at MySql.Data.MySqlClient.NativeDriver.GetResult(Int32& affectedRow, Int32& insertedId)
   at MySql.Data.MySqlClient.Driver.GetResult(Int32 statementId, Int32& affectedRows, Int32& insertedId)
   at MySql.Data.MySqlClient.Driver.NextResult(Int32 statementId, Boolean force)
   at MySql.Data.MySqlClient.MySqlDataReader.NextResult()
   at MySql.Data.MySqlClient.MySqlCommand.ExecuteReader(CommandBehavior behavior)
   at MySql.Data.MySqlClient.MySqlCommand.ExecuteNonQuery()
   at Contact_Center_Kone.Dao.CallMonitorsDao.UpdateStatusCallMonitors(String unique_id) in E:\Project Desktop\Kone\Kone\Contact Center Kone\Dao\CallMonitorsDao.cs:line 26 || You have an error in your SQL syntax; check the manual that corresponds to your MySQL server version for the right syntax to use near '' at line 1
[2017-02-16 20:26:01.1333]  1486900896.32
[2017-02-16 20:26:01.4466]  1486900896.32
[2017-02-16 20:26:01.7583]  1486900896.32
[2017-02-16 20:26:02.0710]  1486900896.32
[2017-02-16 20:26:02.3847]  1486900896.32
[2017-02-16 20:26:02.6975]  1486900896.32
[2017-02-16 20:26:03.0062]  1486900896.32
[2017-02-16 20:26:03.3214]  1486900896.32
[2017-02-16 20:26:03.6336]  1486900896.32
[2017-02-16 20:26:03.9458]  1486900896.32
[2017-02-16 20:26:04.2586]  1486900896.32
[2017-02-16 20:26:04.5703]  1486900896.32
[2017-02-16 20:26:04.8830]  1486900896.32
[2017-02-16 20:26:05.2002]  1486900896.32
[2017-02-16 20:26:05.5094]  1486900896.32
[2017-02-16 20:26:05.8212]  1486900896.32
[2017-02-16 20:26:06.1339]  1486900896.32
[2017-02-16 20:26:06.4471]  1486900896.32
[2017-02-16 20:26:06.7588]  1486900896.32
[2017-02-16 20:26:07.0726]  1486900896.32
[2017-02-16 20:26:07.3833]  1486900896.32
[2017-02-16 20:26:07.6960]  1486900896.32
[2017-02-16 20:26:08.0067]  1486900896.32
[2017-02-16 20:26:08.3225]  1486900896.32
[2017-02-16 20:26:08.6352]  1486900896.32
[2017-02-16 20:26:08.9464]  1486900896.32
[2017-02-16 20:26:09.2576]  1486900896.32
[2017-02-16 20:26:09.5718]  1486900896.32
[2017-02-16 20:26:09.8826]  1486900896.32
[2017-02-16 20:26:10.1948]  1486900896.32
[2017-02-16 20:26:10.5075]  1486900896.32
[2017-02-16 20:26:10.8222]  1486900896.32
[2017-02-16 20:26:11.1334]  1486900896.32
[2017-02-16 20:26:11.4457]  1486900896.32
[2017-02-16 20:26:11.7594]  1486900896.32
[2017-02-16 20:26:12.0746]  1486900896.32
[2017-02-16 20:26:12.3818]  1486900896.32
[2017-02-16 20:26:12.6956]  1486900896.32
[2017-02-16 20:26:13.0083]  1486900896.32
[2017-02-16 20:26:13.3200]  1486900896.32
[2017-02-16 20:26:13.6322]  1486900896.32
[2017-02-16 20:26:13.9464]  1486900896.32
[2017-02-16 20:26:14.2572]  1486900896.32
[2017-02-16 20:26:14.5709]  1486900896.32
[2017-02-16 20:26:14.8846]  1486900896.32
[2017-02-16 20:26:15.1953]  1486900896.32
[2017-02-16 20:26:15.5076]  1486900896.32
[2017-02-16 20:26:15.8218]  1486900896.32
[2017-02-16 20:26:16.1430]  1486900896.32
[2017-02-16 20:26:16.4512]  1486900896.32
[2017-02-16 20:26:16.7594]  1486900896.32
[2017-02-16 20:26:17.0707]  1486900896.32
[2017-02-16 20:26:17.3829]  1486900896.32
[2017-02-16 20:26:17.6981]  1486900896.32
[2017-02-16 20:26:18.0073]  1486900896.32
[2017-02-16 20:26:18.3216]  1486900896.32
[2017-02-16 20:26:18.6338]  1486900896.32
[2017-02-16 20:26:18.9475]  1486900896.32
[2017-02-16 20:26:19.2602]  1486900896.32
[2017-02-16 20:26:19.5704]  1486900896.32
[2017-02-16 20:26:19.8847]  1486900896.32
[2017-02-16 20:26:20.1959]  1486900896.32
[2017-02-16 20:26:20.5076]  1486900896.32
[2017-02-16 20:26:20.8223]  1486900896.32
[2017-02-16 20:26:21.1336]  1486900896.32
[2017-02-16 20:26:21.4453]  1486900896.32
[2017-02-16 20:26:21.7575]  1486900896.32
[2017-02-16 20:26:22.0742]  1486900896.32
[2017-02-16 20:26:22.3849]  1486900896.32
[2017-02-16 20:26:22.7017]  1486900896.32
[2017-02-16 20:26:23.0079]  1486900896.32
[2017-02-16 20:26:23.3246]  1486900896.32
[2017-02-16 20:26:23.6328]  1486900896.32
[2017-02-16 20:26:23.9451]  1486900896.32
[2017-02-16 20:26:24.2583]  1486900896.32
[2017-02-16 20:26:24.5720]  1486900896.32
[2017-02-16 20:26:24.8817]  1486900896.32
[2017-02-16 20:26:25.1960]  1486900896.32
[2017-02-16 20:26:25.5077]  1486900896.32
[2017-02-16 20:26:25.8209]  1486900896.32
[2017-02-16 20:26:26.1331]  1486900896.32
[2017-02-16 20:26:26.4473]  1486900896.32
[2017-02-16 20:26:26.7581]  1486900896.32
[2017-02-16 20:26:27.0718]  1486900896.32
[2017-02-16 20:26:27.3820]  1486900896.32
[2017-02-16 20:26:27.6957]  1486900896.32
[2017-02-16 20:26:28.0069]  1486900896.32
[2017-02-16 20:26:28.3207]  1486900896.32
[2017-02-16 20:26:28.6339]  1486900896.32
[2017-02-16 20:26:28.9466]  1486900896.32
[2017-02-16 20:26:29.2573]  1486900896.32
[2017-02-16 20:26:29.5746]  1486900896.32
[2017-02-16 20:26:29.8838]  1486900896.32
[2017-02-16 20:26:30.1960]  1486900896.32
[2017-02-16 20:26:30.5087]  1486900896.32
[2017-02-16 20:26:30.8225]  1486900896.32
[2017-02-16 20:26:31.1342]  1486900896.32
[2017-02-16 20:26:31.4469]  1486900896.32
[2017-02-16 20:26:31.7576]  1486900896.32
[2017-02-16 20:26:32.0718]  1486900896.32
[2017-02-16 20:26:32.3821]  1486900896.32
[2017-02-16 20:26:32.6958]  1486900896.32
[2017-02-16 20:26:33.0075]  1486900896.32
[2017-02-16 20:26:33.3222]  1486900896.32
[2017-02-16 20:26:33.6345]  1486900896.32
[2017-02-16 20:26:33.9457]  1486900896.32
[2017-02-16 20:26:34.2584]  1486900896.32
[2017-02-16 20:26:34.5706]  1486900896.32
[2017-02-16 20:26:34.8828]  1486900896.32
[2017-02-16 20:26:35.1961]  1486900896.32
[2017-02-16 20:26:35.5073]  1486900896.32
[2017-02-16 20:26:35.8240]  1486900896.32
[2017-02-16 20:26:36.1312]  1486900896.32
[2017-02-16 20:26:36.4500]  1486900896.32
[2017-02-16 20:26:36.7572]  1486900896.32
[2017-02-16 20:26:37.0719]  1486900896.32
[2017-02-16 20:28:59.9924]  1486901054.34
[2017-02-16 20:29:00.8059]  1486901054.34
[2017-02-16 20:29:20.1808]  1486901054.34
[2017-02-16 20:29:20.2048]  1486901054.34
[2017-02-16 20:29:20.5086]  1486901054.34
[2017-02-16 20:29:20.8206]  1486901054.34
[2017-02-16 20:29:21.1328]  1486901054.34
[2017-02-16 20:29:21.4461]  1486901054.34
[2017-02-16 20:29:21.7593]  1486901054.34
[2017-02-16 20:29:22.0707]  1486901054.34
[2017-02-16 20:29:22.3829]  1486901054.34
[2017-02-16 20:29:22.6968]  1486901054.34
[2017-02-16 20:29:23.0083]  1486901054.34
[2017-02-16 20:32:34.6983]  ReceiveCallback ||    at System.Net.Sockets.Socket.EndReceive(IAsyncResult asyncResult)
   at Contact_Center_Kone.Utility.Telephony.ReceiveCallback(IAsyncResult result) in E:\Project Desktop\Kone\Kone\Contact Center Kone\Utility\Telephony.cs:line 93 || An existing connection was forcibly closed by the remote host
[2017-02-16 22:21:51.7812]  ReceiveCallback ||    at System.Net.Sockets.Socket.EndReceive(IAsyncResult asyncResult)
   at Contact_Center_Kone.Utility.Telephony.ReceiveCallback(IAsyncResult result) in E:\Project Desktop\Kone\Kone\Contact Center Kone\Utility\Telephony.cs:line 93 || An existing connection was forcibly closed by the remote host
[2017-02-16 22:24:26.2820]  
[2017-02-16 22:24:26.5926]  
[2017-02-16 22:24:26.9054]  
[2017-02-16 22:24:28.6112]  UpdateStatusCallMonitors ||    at MySql.Data.MySqlClient.MySqlStream.ReadPacket()
   at MySql.Data.MySqlClient.NativeDriver.GetResult(Int32& affectedRow, Int32& insertedId)
   at MySql.Data.MySqlClient.Driver.GetResult(Int32 statementId, Int32& affectedRows, Int32& insertedId)
   at MySql.Data.MySqlClient.Driver.NextResult(Int32 statementId, Boolean force)
   at MySql.Data.MySqlClient.MySqlDataReader.NextResult()
   at MySql.Data.MySqlClient.MySqlCommand.ExecuteReader(CommandBehavior behavior)
   at MySql.Data.MySqlClient.MySqlCommand.ExecuteNonQuery()
   at Contact_Center_Kone.Dao.CallMonitorsDao.UpdateStatusCallMonitors(String unique_id) in E:\Project Desktop\Kone\Kone\Contact Center Kone\Dao\CallMonitorsDao.cs:line 26 || You have an error in your SQL syntax; check the manual that corresponds to your MySQL server version for the right syntax to use near '' at line 1
[2017-02-16 22:25:02.5036]  InsertLogin_TotalDuration ||    at MySql.Data.MySqlClient.MySqlStream.ReadPacket()
   at MySql.Data.MySqlClient.NativeDriver.GetResult(Int32& affectedRow, Int32& insertedId)
   at MySql.Data.MySqlClient.Driver.GetResult(Int32 statementId, Int32& affectedRows, Int32& insertedId)
   at MySql.Data.MySqlClient.Driver.NextResult(Int32 statementId, Boolean force)
   at MySql.Data.MySqlClient.MySqlDataReader.NextResult()
   at MySql.Data.MySqlClient.MySqlCommand.ExecuteReader(CommandBehavior behavior)
   at MySql.Data.MySqlClient.MySqlCommand.ExecuteNonQuery()
   at Contact_Center_Kone.Dao.UserDao.InsertLogin_TotalDuration() in E:\Project Desktop\Kone\Kone\Contact Center Kone\Dao\UserDao.cs:line 732 || Truncated incorrect time value: '15156941'
[2017-02-16 22:25:04.7206]  ReceiveCallback ||    at System.Net.Sockets.Socket.EndReceive(IAsyncResult asyncResult)
   at Contact_Center_Kone.Utility.Telephony.ReceiveCallback(IAsyncResult result) in E:\Project Desktop\Kone\Kone\Contact Center Kone\Utility\Telephony.cs:line 93 || An existing connection was forcibly closed by the remote host
[2017-02-16 22:25:05.7318]  Start ||    at System.Net.Sockets.Socket.DoConnect(EndPoint endPointSnapshot, SocketAddress socketAddress)
   at System.Net.Sockets.Socket.Connect(EndPoint remoteEP)
   at Contact_Center_Kone.Utility.Telephony.Start() in E:\Project Desktop\Kone\Kone\Contact Center Kone\Utility\Telephony.cs:line 53 || No connection could be made because the target machine actively refused it 127.0.0.1:6101
[2017-02-16 23:17:09.4392]  
[2017-02-16 23:17:09.7489]  
[2017-02-16 23:17:10.0626]  
[2017-02-16 23:17:10.3713]  
[2017-02-16 23:17:27.1027]  UpdateStatusCallMonitors ||    at MySql.Data.MySqlClient.MySqlStream.ReadPacket()
   at MySql.Data.MySqlClient.NativeDriver.GetResult(Int32& affectedRow, Int32& insertedId)
   at MySql.Data.MySqlClient.Driver.GetResult(Int32 statementId, Int32& affectedRows, Int32& insertedId)
   at MySql.Data.MySqlClient.Driver.NextResult(Int32 statementId, Boolean force)
   at MySql.Data.MySqlClient.MySqlDataReader.NextResult()
   at MySql.Data.MySqlClient.MySqlCommand.ExecuteReader(CommandBehavior behavior)
   at MySql.Data.MySqlClient.MySqlCommand.ExecuteNonQuery()
   at Contact_Center_Kone.Dao.CallMonitorsDao.UpdateStatusCallMonitors(String unique_id) in E:\Project Desktop\Kone\Kone\Contact Center Kone\Dao\CallMonitorsDao.cs:line 26 || You have an error in your SQL syntax; check the manual that corresponds to your MySQL server version for the right syntax to use near '' at line 1
[2017-02-16 23:18:55.6895]  1487261923.548
[2017-02-16 23:18:55.9982]  1487261923.548
[2017-02-16 23:18:56.3124]  1487261923.548
[2017-02-16 23:18:56.6292]  1487261923.548
[2017-02-16 23:18:56.9364]  1487261923.548
[2017-02-16 23:18:57.5273]  1487261923.548
[2017-02-16 23:18:57.7805]  1487261923.548
[2017-02-16 23:18:57.8746]  1487261923.548
[2017-02-16 23:18:58.1868]  1487261923.548
[2017-02-16 23:18:58.5055]  1487261923.548
[2017-02-16 23:18:58.8125]  1487261923.548
[2017-02-16 23:18:59.1783]  1487261923.548
[2017-02-16 23:18:59.4370]  1487261923.548
[2017-02-16 23:18:59.7507]  1487261923.548
[2017-02-16 23:19:00.0595]  1487261923.548
[2017-02-16 23:19:00.3772]  1487261923.548
[2017-02-16 23:19:00.6849]  1487261923.548
[2017-02-16 23:19:00.9987]  1487261923.548
[2017-02-16 23:19:44.1418]  
[2017-02-16 23:19:44.4440]  
[2017-02-16 23:19:44.7523]  
[2017-02-16 23:19:45.0665]  
[2017-02-16 23:19:45.3802]  
[2017-02-16 23:19:45.6914]  
[2017-02-16 23:19:46.0062]  
[2017-02-16 23:19:46.3139]  
[2017-02-16 23:19:46.6377]  
[2017-02-16 23:19:46.9394]  
[2017-02-16 23:19:47.2556]  
[2017-02-16 23:19:47.5643]  
[2017-02-16 23:19:47.8771]  
[2017-02-16 23:19:48.1893]  
[2017-02-16 23:19:48.5020]  
[2017-02-16 23:19:48.8148]  
[2017-02-16 23:19:49.1250]  
[2017-02-16 23:19:49.4422]  
[2017-02-16 23:19:49.7515]  
[2017-02-16 23:19:50.0717]  
[2017-02-16 23:19:55.8075]  UpdateStatusCallMonitors ||    at MySql.Data.MySqlClient.MySqlStream.ReadPacket()
   at MySql.Data.MySqlClient.NativeDriver.GetResult(Int32& affectedRow, Int32& insertedId)
   at MySql.Data.MySqlClient.Driver.GetResult(Int32 statementId, Int32& affectedRows, Int32& insertedId)
   at MySql.Data.MySqlClient.Driver.NextResult(Int32 statementId, Boolean force)
   at MySql.Data.MySqlClient.MySqlDataReader.NextResult()
   at MySql.Data.MySqlClient.MySqlCommand.ExecuteReader(CommandBehavior behavior)
   at MySql.Data.MySqlClient.MySqlCommand.ExecuteNonQuery()
   at Contact_Center_Kone.Dao.CallMonitorsDao.UpdateStatusCallMonitors(String unique_id) in E:\Project Desktop\Kone\Kone\Contact Center Kone\Dao\CallMonitorsDao.cs:line 26 || You have an error in your SQL syntax; check the manual that corresponds to your MySQL server version for the right syntax to use near '' at line 1
[2017-02-16 23:27:13.2539]  
[2017-02-16 23:27:13.5701]  
[2017-02-16 23:27:13.8753]  
[2017-02-16 23:27:14.1840]  
[2017-02-16 23:27:14.4983]  
[2017-02-16 23:27:14.8225]  
[2017-02-16 23:27:15.1174]  
[2017-02-16 23:27:15.4320]  
[2017-02-16 23:27:15.7513]  
[2017-02-16 23:27:16.0600]  
[2017-02-16 23:27:16.3877]  
[2017-02-16 23:27:16.6909]  
[2017-02-16 23:27:16.9932]  
[2017-02-16 23:27:17.3474]  
[2017-02-16 23:27:17.6202]  
[2017-02-16 23:27:17.9489]  
[2017-02-16 23:27:18.2466]  
[2017-02-16 23:27:18.5609]  
[2017-02-16 23:27:18.8876]  
[2017-02-16 23:27:19.1813]  
[2017-02-16 23:27:19.4970]  
[2017-02-16 23:27:19.8163]  
[2017-02-16 23:27:20.1225]  
[2017-02-16 23:27:20.4472]  
[2017-02-16 23:27:20.7430]  
[2017-02-16 23:27:21.0642]  
[2017-02-16 23:27:21.3689]  
[2017-02-16 23:27:21.9478]  
[2017-02-16 23:27:21.9948]  
[2017-02-16 23:27:22.3806]  
[2017-02-16 23:27:22.6278]  
[2017-02-16 23:27:22.9757]  
[2017-02-16 23:27:23.2483]  
[2017-02-16 23:27:23.5601]  
[2017-02-16 23:27:23.8818]  
[2017-02-16 23:27:24.1850]  
[2017-02-16 23:27:24.5170]  
[2017-02-16 23:27:24.8087]  
[2017-02-16 23:27:25.1269]  
[2017-02-16 23:27:25.4386]  
[2017-02-16 23:27:25.7689]  
[2017-02-16 23:27:26.0691]  
[2017-02-16 23:27:26.3816]  
[2017-02-16 23:27:26.6935]  
[2017-02-16 23:27:27.0008]  
[2017-02-16 23:27:27.3105]  
[2017-02-16 23:27:27.6277]  
[2017-02-16 23:27:34.5413]  1487262426.554
[2017-02-16 23:27:34.8115]  1487262426.554
[2017-02-16 23:27:35.1217]  1487262426.554
[2017-02-16 23:27:35.4321]  1487262426.554
[2017-02-16 23:27:35.7456]  1487262426.554
[2017-02-16 23:27:36.0587]  1487262426.554
[2017-02-16 23:27:36.3732]  1487262426.554
[2017-02-16 23:27:36.6832]  1487262426.554
[2017-02-16 23:27:36.9942]  1487262426.554
[2017-02-16 23:27:37.3425]  1487262426.554
[2017-02-16 23:27:37.6214]  1487262426.554
[2017-02-16 23:27:37.9372]  1487262426.554
[2017-02-16 23:27:38.2443]  1487262426.554
[2017-02-16 23:27:38.5615]  1487262426.554
[2017-02-16 23:27:38.8759]  1487262426.554
[2017-02-16 23:27:39.2166]  1487262426.554
[2017-02-16 23:27:39.4938]  1487262426.554
[2017-02-16 23:27:39.8134]  1487262426.554
[2017-02-16 23:27:40.1377]  1487262426.554
[2017-02-16 23:27:40.4354]  1487262426.554
[2017-02-16 23:27:40.7446]  1487262426.554
[2017-02-16 23:27:41.0668]  1487262426.554
[2017-02-16 23:27:41.3711]  1487262426.554
[2017-02-16 23:27:41.9615]  1487262426.554
[2017-02-16 23:27:42.0155]  1487262426.554
[2017-02-16 23:27:42.3953]  1487262426.554
[2017-02-16 23:27:42.6185]  1487262426.554
[2017-02-16 23:27:42.9462]  1487262426.554
[2017-02-16 23:27:43.2464]  1487262426.554
[2017-02-16 23:27:43.5731]  1487262426.554
[2017-02-16 23:27:43.8739]  1487262426.554
[2017-02-16 23:27:44.1831]  1487262426.554
[2017-02-16 23:27:44.4948]  1487262426.554
[2017-02-16 23:27:44.8111]  1487262426.554
[2017-02-16 23:27:45.1218]  1487262426.554
[2017-02-16 23:27:45.4330]  1487262426.554
[2017-02-16 23:27:45.7443]  1487262426.554
[2017-02-16 23:27:46.0610]  1487262426.554
[2017-02-16 23:27:46.3852]  1487262426.554
[2017-02-16 23:27:46.6874]  1487262426.554
[2017-02-16 23:27:46.9942]  1487262426.554
[2017-02-16 23:27:47.3509]  1487262426.554
[2017-02-16 23:27:47.6201]  1487262426.554
[2017-02-16 23:27:47.9382]  1487262426.554
[2017-02-16 23:27:48.2635]  1487262426.554
[2017-02-16 23:27:48.5612]  1487262426.554
[2017-02-16 23:27:48.8934]  1487262426.554
[2017-02-16 23:27:49.1853]  1487262426.554
[2017-02-16 23:27:49.5038]  1487262426.554
[2017-02-16 23:27:49.8540]  1487262426.554
[2017-02-16 23:27:50.1257]  1487262426.554
[2017-02-16 23:27:50.4570]  1487262426.554
[2017-02-16 23:27:50.7792]  1487262426.554
[2017-02-16 23:27:51.0839]  1487262426.554
[2017-02-16 23:27:51.3736]  1487262426.554
[2017-02-16 23:27:51.9916]  1487262426.554
[2017-02-16 23:27:52.0091]  1487262426.554
[2017-02-16 23:27:52.4274]  1487262426.554
[2017-02-16 23:27:52.6280]  1487262426.554
[2017-02-16 23:27:52.9348]  1487262426.554
[2017-02-16 23:27:53.2575]  1487262426.554
[2017-02-16 23:27:53.5617]  1487262426.554
[2017-02-16 23:27:53.8745]  1487262426.554
[2017-02-16 23:27:54.2022]  1487262426.554
[2017-02-16 23:27:54.4979]  1487262426.554
[2017-02-16 23:27:54.8096]  1487262426.554
[2017-02-16 23:27:55.1274]  1487262426.554
[2017-02-16 23:27:55.4551]  1487262426.554
[2017-02-16 23:27:55.7473]  1487262426.554
[2017-02-16 23:27:56.0595]  1487262426.554
[2017-02-16 23:27:56.3703]  1487262426.554
[2017-02-16 23:27:56.6860]  1487262426.554
[2017-02-16 23:27:56.9957]  1487262426.554
[2017-02-16 23:27:57.3099]  1487262426.554
[2017-02-16 23:27:57.6227]  1487262426.554
[2017-02-16 23:27:57.9334]  1487262426.554
[2017-02-16 23:27:58.2491]  1487262426.554
[2017-02-16 23:27:58.5774]  1487262426.554
[2017-02-16 23:27:58.8806]  1487262426.554
[2017-02-16 23:27:59.1838]  1487262426.554
[2017-02-16 23:27:59.5456]  1487262426.554
[2017-02-16 23:27:59.8102]  1487262426.554
[2017-02-16 23:28:44.1470]  InsertLogin_TotalDuration ||    at MySql.Data.MySqlClient.MySqlStream.ReadPacket()
   at MySql.Data.MySqlClient.NativeDriver.GetResult(Int32& affectedRow, Int32& insertedId)
   at MySql.Data.MySqlClient.Driver.GetResult(Int32 statementId, Int32& affectedRows, Int32& insertedId)
   at MySql.Data.MySqlClient.Driver.NextResult(Int32 statementId, Boolean force)
   at MySql.Data.MySqlClient.MySqlDataReader.NextResult()
   at MySql.Data.MySqlClient.MySqlCommand.ExecuteReader(CommandBehavior behavior)
   at MySql.Data.MySqlClient.MySqlCommand.ExecuteNonQuery()
   at Contact_Center_Kone.Dao.UserDao.InsertLogin_TotalDuration() in E:\Project Desktop\Kone\Kone\Contact Center Kone\Dao\UserDao.cs:line 732 || Truncated incorrect time value: '15114898'
[2017-02-16 23:28:46.1861]  ReceiveCallback ||    at System.Net.Sockets.Socket.EndReceive(IAsyncResult asyncResult)
   at Contact_Center_Kone.Utility.Telephony.ReceiveCallback(IAsyncResult result) in E:\Project Desktop\Kone\Kone\Contact Center Kone\Utility\Telephony.cs:line 93 || An existing connection was forcibly closed by the remote host
[2017-02-16 23:28:47.1980]  Start ||    at System.Net.Sockets.Socket.DoConnect(EndPoint endPointSnapshot, SocketAddress socketAddress)
   at System.Net.Sockets.Socket.Connect(EndPoint remoteEP)
   at Contact_Center_Kone.Utility.Telephony.Start() in E:\Project Desktop\Kone\Kone\Contact Center Kone\Utility\Telephony.cs:line 53 || No connection could be made because the target machine actively refused it 127.0.0.1:6101
