[2017-02-06 14:47:46.0226]  InsertLogin_TotalDuration ||    at MySql.Data.MySqlClient.MySqlStream.ReadPacket()
   at MySql.Data.MySqlClient.NativeDriver.GetResult(Int32& affectedRow, Int32& insertedId)
   at MySql.Data.MySqlClient.Driver.GetResult(Int32 statementId, Int32& affectedRows, Int32& insertedId)
   at MySql.Data.MySqlClient.Driver.NextResult(Int32 statementId, Boolean force)
   at MySql.Data.MySqlClient.MySqlDataReader.NextResult()
   at MySql.Data.MySqlClient.MySqlCommand.ExecuteReader(CommandBehavior behavior)
   at MySql.Data.MySqlClient.MySqlCommand.ExecuteNonQuery()
   at Contact_Center_Kone.Dao.UserDao.InsertLogin_TotalDuration() in E:\Project Desktop\Kone\Kone\Contact Center Kone\Dao\UserDao.cs:line 732 || Truncated incorrect time value: '1484:09:24'
[2017-02-06 14:47:47.6567]  ReceiveCallback ||    at System.Net.Sockets.Socket.EndReceive(IAsyncResult asyncResult)
   at Contact_Center_Kone.Utility.Telephony.ReceiveCallback(IAsyncResult result) in E:\Project Desktop\Kone\Kone\Contact Center Kone\Utility\Telephony.cs:line 93 || An existing connection was forcibly closed by the remote host
[2017-02-06 14:58:37.0347]  InsertLogin_TotalDuration ||    at MySql.Data.MySqlClient.MySqlStream.ReadPacket()
   at MySql.Data.MySqlClient.NativeDriver.GetResult(Int32& affectedRow, Int32& insertedId)
   at MySql.Data.MySqlClient.Driver.GetResult(Int32 statementId, Int32& affectedRows, Int32& insertedId)
   at MySql.Data.MySqlClient.Driver.NextResult(Int32 statementId, Boolean force)
   at MySql.Data.MySqlClient.MySqlDataReader.NextResult()
   at MySql.Data.MySqlClient.MySqlCommand.ExecuteReader(CommandBehavior behavior)
   at MySql.Data.MySqlClient.MySqlCommand.ExecuteNonQuery()
   at Contact_Center_Kone.Dao.UserDao.InsertLogin_TotalDuration() in E:\Project Desktop\Kone\Kone\Contact Center Kone\Dao\UserDao.cs:line 732 || Truncated incorrect time value: '1484:20:15'
[2017-02-06 14:58:38.6577]  ReceiveCallback ||    at System.Net.Sockets.Socket.EndReceive(IAsyncResult asyncResult)
   at Contact_Center_Kone.Utility.Telephony.ReceiveCallback(IAsyncResult result) in E:\Project Desktop\Kone\Kone\Contact Center Kone\Utility\Telephony.cs:line 93 || An existing connection was forcibly closed by the remote host
