[2017-01-09 10:19:50.9885]  Start ||    at System.Net.Sockets.Socket.DoConnect(EndPoint endPointSnapshot, SocketAddress socketAddress)
   at System.Net.Sockets.Socket.Connect(EndPoint remoteEP)
   at Contact_Center_Kone.Utility.Telephony.Start() in E:\Project Desktop\Kone\Contact Center Kone\Utility\Telephony.cs:line 53 || No connection could be made because the target machine actively refused it 127.0.0.1:6101
[2017-01-09 10:20:17.5596]  GetQueueActivity ||    at MySql.Data.MySqlClient.MySqlStream.ReadPacket()
   at MySql.Data.MySqlClient.NativeDriver.AuthenticateNew(Boolean reset)
   at MySql.Data.MySqlClient.NativeDriver.Authenticate(Boolean reset)
   at MySql.Data.MySqlClient.NativeDriver.Open()
   at MySql.Data.MySqlClient.Driver.Open()
   at MySql.Data.MySqlClient.Driver.Create(MySqlConnectionStringBuilder settings)
   at MySql.Data.MySqlClient.MySqlPool.GetPooledConnection()
   at MySql.Data.MySqlClient.MySqlPool.TryToGetDriver()
   at MySql.Data.MySqlClient.MySqlPool.GetConnection()
   at MySql.Data.MySqlClient.MySqlConnection.Open()
   at Contact_Center_Kone.Dao.QueueActivityDao.GetQueueActivity() in E:\Project Desktop\Kone\Contact Center Kone\Dao\QueueActivityDao.cs:line 28 || Unknown database 'call_monitor'
[2017-01-09 10:23:02.7195]  Start ||    at System.Net.Sockets.Socket.DoConnect(EndPoint endPointSnapshot, SocketAddress socketAddress)
   at System.Net.Sockets.Socket.Connect(EndPoint remoteEP)
   at Contact_Center_Kone.Utility.Telephony.Start() in E:\Project Desktop\Kone\Contact Center Kone\Utility\Telephony.cs:line 53 || No connection could be made because the target machine actively refused it 127.0.0.1:6101
[2017-01-09 10:27:17.6126]  Start ||    at System.Net.Sockets.Socket.DoConnect(EndPoint endPointSnapshot, SocketAddress socketAddress)
   at System.Net.Sockets.Socket.Connect(EndPoint remoteEP)
   at Contact_Center_Kone.Utility.Telephony.Start() in E:\Project Desktop\Kone\Contact Center Kone\Utility\Telephony.cs:line 53 || No connection could be made because the target machine actively refused it 127.0.0.1:6101
[2017-01-09 10:38:52.0960]  Start ||    at System.Net.Sockets.Socket.DoConnect(EndPoint endPointSnapshot, SocketAddress socketAddress)
   at System.Net.Sockets.Socket.Connect(EndPoint remoteEP)
   at Contact_Center_Kone.Utility.Telephony.Start() in E:\Project Desktop\Kone\Contact Center Kone\Utility\Telephony.cs:line 53 || No connection could be made because the target machine actively refused it 127.0.0.1:6101
[2017-01-09 10:39:00.0897]  GetQueueActivity ||    at MySql.Data.MySqlClient.MySqlStream.ReadPacket()
   at MySql.Data.MySqlClient.NativeDriver.AuthenticateNew(Boolean reset)
   at MySql.Data.MySqlClient.NativeDriver.Authenticate(Boolean reset)
   at MySql.Data.MySqlClient.NativeDriver.Open()
   at MySql.Data.MySqlClient.Driver.Open()
   at MySql.Data.MySqlClient.Driver.Create(MySqlConnectionStringBuilder settings)
   at MySql.Data.MySqlClient.MySqlPool.GetPooledConnection()
   at MySql.Data.MySqlClient.MySqlPool.TryToGetDriver()
   at MySql.Data.MySqlClient.MySqlPool.GetConnection()
   at MySql.Data.MySqlClient.MySqlConnection.Open()
   at Contact_Center_Kone.Dao.QueueActivityDao.GetQueueActivity() in E:\Project Desktop\Kone\Contact Center Kone\Dao\QueueActivityDao.cs:line 28 || Unknown database 'call_monitor'
[2017-01-09 10:59:44.1434]  Start ||    at System.Net.Sockets.Socket.DoConnect(EndPoint endPointSnapshot, SocketAddress socketAddress)
   at System.Net.Sockets.Socket.Connect(EndPoint remoteEP)
   at Contact_Center_Kone.Utility.Telephony.Start() in E:\Project Desktop\Kone\Contact Center Kone\Utility\Telephony.cs:line 53 || No connection could be made because the target machine actively refused it 127.0.0.1:6101
[2017-01-09 10:59:50.2734]  GetQueueActivity ||    at MySql.Data.MySqlClient.MySqlStream.ReadPacket()
   at MySql.Data.MySqlClient.NativeDriver.AuthenticateNew(Boolean reset)
   at MySql.Data.MySqlClient.NativeDriver.Authenticate(Boolean reset)
   at MySql.Data.MySqlClient.NativeDriver.Open()
   at MySql.Data.MySqlClient.Driver.Open()
   at MySql.Data.MySqlClient.Driver.Create(MySqlConnectionStringBuilder settings)
   at MySql.Data.MySqlClient.MySqlPool.GetPooledConnection()
   at MySql.Data.MySqlClient.MySqlPool.TryToGetDriver()
   at MySql.Data.MySqlClient.MySqlPool.GetConnection()
   at MySql.Data.MySqlClient.MySqlConnection.Open()
   at Contact_Center_Kone.Dao.QueueActivityDao.GetQueueActivity() in E:\Project Desktop\Kone\Contact Center Kone\Dao\QueueActivityDao.cs:line 28 || Unknown database 'call_monitor'
[2017-01-09 11:00:16.5908]  InsertLogin_TotalDuration ||    at MySql.Data.MySqlClient.MySqlStream.ReadPacket()
   at MySql.Data.MySqlClient.NativeDriver.GetResult(Int32& affectedRow, Int32& insertedId)
   at MySql.Data.MySqlClient.Driver.GetResult(Int32 statementId, Int32& affectedRows, Int32& insertedId)
   at MySql.Data.MySqlClient.Driver.NextResult(Int32 statementId, Boolean force)
   at MySql.Data.MySqlClient.MySqlDataReader.NextResult()
   at MySql.Data.MySqlClient.MySqlCommand.ExecuteReader(CommandBehavior behavior)
   at MySql.Data.MySqlClient.MySqlCommand.ExecuteNonQuery()
   at Contact_Center_Kone.Dao.UserDao.InsertLogin_TotalDuration() in E:\Project Desktop\Kone\Contact Center Kone\Dao\UserDao.cs:line 732 || Truncated incorrect time value: '179'
[2017-01-09 11:02:26.8996]  Start ||    at System.Net.Sockets.Socket.DoConnect(EndPoint endPointSnapshot, SocketAddress socketAddress)
   at System.Net.Sockets.Socket.Connect(EndPoint remoteEP)
   at Contact_Center_Kone.Utility.Telephony.Start() in E:\Project Desktop\Kone\Contact Center Kone\Utility\Telephony.cs:line 53 || No connection could be made because the target machine actively refused it 127.0.0.1:6101
[2017-01-09 11:02:36.6821]  GetQueueActivity ||    at MySql.Data.MySqlClient.MySqlStream.ReadPacket()
   at MySql.Data.MySqlClient.NativeDriver.AuthenticateNew(Boolean reset)
   at MySql.Data.MySqlClient.NativeDriver.Authenticate(Boolean reset)
   at MySql.Data.MySqlClient.NativeDriver.Open()
   at MySql.Data.MySqlClient.Driver.Open()
   at MySql.Data.MySqlClient.Driver.Create(MySqlConnectionStringBuilder settings)
   at MySql.Data.MySqlClient.MySqlPool.GetPooledConnection()
   at MySql.Data.MySqlClient.MySqlPool.TryToGetDriver()
   at MySql.Data.MySqlClient.MySqlPool.GetConnection()
   at MySql.Data.MySqlClient.MySqlConnection.Open()
   at Contact_Center_Kone.Dao.QueueActivityDao.GetQueueActivity() in E:\Project Desktop\Kone\Contact Center Kone\Dao\QueueActivityDao.cs:line 28 || Unknown database 'call_monitor'
[2017-01-09 11:02:54.6505]  InsertLogin_TotalDuration ||    at MySql.Data.MySqlClient.MySqlStream.ReadPacket()
   at MySql.Data.MySqlClient.NativeDriver.GetResult(Int32& affectedRow, Int32& insertedId)
   at MySql.Data.MySqlClient.Driver.GetResult(Int32 statementId, Int32& affectedRows, Int32& insertedId)
   at MySql.Data.MySqlClient.Driver.NextResult(Int32 statementId, Boolean force)
   at MySql.Data.MySqlClient.MySqlDataReader.NextResult()
   at MySql.Data.MySqlClient.MySqlCommand.ExecuteReader(CommandBehavior behavior)
   at MySql.Data.MySqlClient.MySqlCommand.ExecuteNonQuery()
   at Contact_Center_Kone.Dao.UserDao.InsertLogin_TotalDuration() in E:\Project Desktop\Kone\Contact Center Kone\Dao\UserDao.cs:line 732 || Truncated incorrect time value: '171'
[2017-01-09 11:04:24.3931]  Start ||    at System.Net.Sockets.Socket.DoConnect(EndPoint endPointSnapshot, SocketAddress socketAddress)
   at System.Net.Sockets.Socket.Connect(EndPoint remoteEP)
   at Contact_Center_Kone.Utility.Telephony.Start() in E:\Project Desktop\Kone\Contact Center Kone\Utility\Telephony.cs:line 53 || No connection could be made because the target machine actively refused it 127.0.0.1:6101
[2017-01-09 11:09:04.7523]  Start ||    at System.Net.Sockets.Socket.DoConnect(EndPoint endPointSnapshot, SocketAddress socketAddress)
   at System.Net.Sockets.Socket.Connect(EndPoint remoteEP)
   at Contact_Center_Kone.Utility.Telephony.Start() in E:\Project Desktop\Kone\Contact Center Kone\Utility\Telephony.cs:line 53 || No connection could be made because the target machine actively refused it 127.0.0.1:6101
[2017-01-09 11:10:14.3170]  Start ||    at System.Net.Sockets.Socket.DoConnect(EndPoint endPointSnapshot, SocketAddress socketAddress)
   at System.Net.Sockets.Socket.Connect(EndPoint remoteEP)
   at Contact_Center_Kone.Utility.Telephony.Start() in E:\Project Desktop\Kone\Contact Center Kone\Utility\Telephony.cs:line 53 || No connection could be made because the target machine actively refused it 127.0.0.1:6101
[2017-01-09 11:17:41.8918]  Start ||    at System.Net.Sockets.Socket.DoConnect(EndPoint endPointSnapshot, SocketAddress socketAddress)
   at System.Net.Sockets.Socket.Connect(EndPoint remoteEP)
   at Contact_Center_Kone.Utility.Telephony.Start() in E:\Project Desktop\Kone\Contact Center Kone\Utility\Telephony.cs:line 53 || No connection could be made because the target machine actively refused it 127.0.0.1:6101
[2017-01-09 11:27:23.6113]  Start ||    at System.Net.Sockets.Socket.DoConnect(EndPoint endPointSnapshot, SocketAddress socketAddress)
   at System.Net.Sockets.Socket.Connect(EndPoint remoteEP)
   at Contact_Center_Kone.Utility.Telephony.Start() in E:\Project Desktop\Kone\Contact Center Kone\Utility\Telephony.cs:line 53 || No connection could be made because the target machine actively refused it 127.0.0.1:6101
[2017-01-09 11:29:39.6598]  Start ||    at System.Net.Sockets.Socket.DoConnect(EndPoint endPointSnapshot, SocketAddress socketAddress)
   at System.Net.Sockets.Socket.Connect(EndPoint remoteEP)
   at Contact_Center_Kone.Utility.Telephony.Start() in E:\Project Desktop\Kone\Contact Center Kone\Utility\Telephony.cs:line 53 || No connection could be made because the target machine actively refused it 127.0.0.1:6101
[2017-01-09 11:29:49.4911]  GetHeader_ByInboundType ||    at MySql.Data.MySqlClient.MySqlStream.ReadPacket()
   at MySql.Data.MySqlClient.NativeDriver.GetResult(Int32& affectedRow, Int32& insertedId)
   at MySql.Data.MySqlClient.Driver.GetResult(Int32 statementId, Int32& affectedRows, Int32& insertedId)
   at MySql.Data.MySqlClient.Driver.NextResult(Int32 statementId, Boolean force)
   at MySql.Data.MySqlClient.MySqlDataReader.NextResult()
   at MySql.Data.MySqlClient.MySqlCommand.ExecuteReader(CommandBehavior behavior)
   at MySql.Data.MySqlClient.MySqlCommand.ExecuteReader()
   at Contact_Center_Kone.Dao.ReportCallDao.GetHeader_ByInboundType() in E:\Project Desktop\Kone\Contact Center Kone\Dao\ReportCallDao.cs:line 35 || You have an error in your SQL syntax; check the manual that corresponds to your MySQL server version for the right syntax to use near 'WHERE is_active=1' at line 1
[2017-01-09 11:29:49.5261]  GetHeader_ByInboundType ||    at MySql.Data.MySqlClient.MySqlStream.ReadPacket()
   at MySql.Data.MySqlClient.NativeDriver.GetResult(Int32& affectedRow, Int32& insertedId)
   at MySql.Data.MySqlClient.Driver.GetResult(Int32 statementId, Int32& affectedRows, Int32& insertedId)
   at MySql.Data.MySqlClient.Driver.NextResult(Int32 statementId, Boolean force)
   at MySql.Data.MySqlClient.MySqlDataReader.NextResult()
   at MySql.Data.MySqlClient.MySqlCommand.ExecuteReader(CommandBehavior behavior)
   at MySql.Data.MySqlClient.MySqlCommand.ExecuteReader()
   at Contact_Center_Kone.Dao.ReportCallDao.GetHeader_ByInboundType() in E:\Project Desktop\Kone\Contact Center Kone\Dao\ReportCallDao.cs:line 35 || You have an error in your SQL syntax; check the manual that corresponds to your MySQL server version for the right syntax to use near 'WHERE is_active=1' at line 1
[2017-01-09 11:29:55.9486]  GetHeader_ByInboundType ||    at MySql.Data.MySqlClient.MySqlStream.ReadPacket()
   at MySql.Data.MySqlClient.NativeDriver.GetResult(Int32& affectedRow, Int32& insertedId)
   at MySql.Data.MySqlClient.Driver.GetResult(Int32 statementId, Int32& affectedRows, Int32& insertedId)
   at MySql.Data.MySqlClient.Driver.NextResult(Int32 statementId, Boolean force)
   at MySql.Data.MySqlClient.MySqlDataReader.NextResult()
   at MySql.Data.MySqlClient.MySqlCommand.ExecuteReader(CommandBehavior behavior)
   at MySql.Data.MySqlClient.MySqlCommand.ExecuteReader()
   at Contact_Center_Kone.Dao.ReportCallDao.GetHeader_ByInboundType() in E:\Project Desktop\Kone\Contact Center Kone\Dao\ReportCallDao.cs:line 35 || You have an error in your SQL syntax; check the manual that corresponds to your MySQL server version for the right syntax to use near 'WHERE is_active=1' at line 1
[2017-01-09 11:29:55.9927]  GetHeader_ByInboundType ||    at MySql.Data.MySqlClient.MySqlStream.ReadPacket()
   at MySql.Data.MySqlClient.NativeDriver.GetResult(Int32& affectedRow, Int32& insertedId)
   at MySql.Data.MySqlClient.Driver.GetResult(Int32 statementId, Int32& affectedRows, Int32& insertedId)
   at MySql.Data.MySqlClient.Driver.NextResult(Int32 statementId, Boolean force)
   at MySql.Data.MySqlClient.MySqlDataReader.NextResult()
   at MySql.Data.MySqlClient.MySqlCommand.ExecuteReader(CommandBehavior behavior)
   at MySql.Data.MySqlClient.MySqlCommand.ExecuteReader()
   at Contact_Center_Kone.Dao.ReportCallDao.GetHeader_ByInboundType() in E:\Project Desktop\Kone\Contact Center Kone\Dao\ReportCallDao.cs:line 35 || You have an error in your SQL syntax; check the manual that corresponds to your MySQL server version for the right syntax to use near 'WHERE is_active=1' at line 1
[2017-01-09 11:29:56.0707]  GetHeader_ByInboundType ||    at MySql.Data.MySqlClient.MySqlStream.ReadPacket()
   at MySql.Data.MySqlClient.NativeDriver.GetResult(Int32& affectedRow, Int32& insertedId)
   at MySql.Data.MySqlClient.Driver.GetResult(Int32 statementId, Int32& affectedRows, Int32& insertedId)
   at MySql.Data.MySqlClient.Driver.NextResult(Int32 statementId, Boolean force)
   at MySql.Data.MySqlClient.MySqlDataReader.NextResult()
   at MySql.Data.MySqlClient.MySqlCommand.ExecuteReader(CommandBehavior behavior)
   at MySql.Data.MySqlClient.MySqlCommand.ExecuteReader()
   at Contact_Center_Kone.Dao.ReportCallDao.GetHeader_ByInboundType() in E:\Project Desktop\Kone\Contact Center Kone\Dao\ReportCallDao.cs:line 35 || You have an error in your SQL syntax; check the manual that corresponds to your MySQL server version for the right syntax to use near 'WHERE is_active=1' at line 1
[2017-01-09 11:29:56.1858]  GetHeader_ByInboundType ||    at MySql.Data.MySqlClient.MySqlStream.ReadPacket()
   at MySql.Data.MySqlClient.NativeDriver.GetResult(Int32& affectedRow, Int32& insertedId)
   at MySql.Data.MySqlClient.Driver.GetResult(Int32 statementId, Int32& affectedRows, Int32& insertedId)
   at MySql.Data.MySqlClient.Driver.NextResult(Int32 statementId, Boolean force)
   at MySql.Data.MySqlClient.MySqlDataReader.NextResult()
   at MySql.Data.MySqlClient.MySqlCommand.ExecuteReader(CommandBehavior behavior)
   at MySql.Data.MySqlClient.MySqlCommand.ExecuteReader()
   at Contact_Center_Kone.Dao.ReportCallDao.GetHeader_ByInboundType() in E:\Project Desktop\Kone\Contact Center Kone\Dao\ReportCallDao.cs:line 35 || You have an error in your SQL syntax; check the manual that corresponds to your MySQL server version for the right syntax to use near 'WHERE is_active=1' at line 1
[2017-01-09 11:30:48.0687]  Start ||    at System.Net.Sockets.Socket.DoConnect(EndPoint endPointSnapshot, SocketAddress socketAddress)
   at System.Net.Sockets.Socket.Connect(EndPoint remoteEP)
   at Contact_Center_Kone.Utility.Telephony.Start() in E:\Project Desktop\Kone\Contact Center Kone\Utility\Telephony.cs:line 53 || No connection could be made because the target machine actively refused it 127.0.0.1:6101
[2017-01-09 11:31:35.7322]  Start ||    at System.Net.Sockets.Socket.DoConnect(EndPoint endPointSnapshot, SocketAddress socketAddress)
   at System.Net.Sockets.Socket.Connect(EndPoint remoteEP)
   at Contact_Center_Kone.Utility.Telephony.Start() in E:\Project Desktop\Kone\Contact Center Kone\Utility\Telephony.cs:line 53 || No connection could be made because the target machine actively refused it 127.0.0.1:6101
[2017-01-09 11:34:44.1243]  Start ||    at System.Net.Sockets.Socket.DoConnect(EndPoint endPointSnapshot, SocketAddress socketAddress)
   at System.Net.Sockets.Socket.Connect(EndPoint remoteEP)
   at Contact_Center_Kone.Utility.Telephony.Start() in E:\Project Desktop\Kone\Contact Center Kone\Utility\Telephony.cs:line 53 || No connection could be made because the target machine actively refused it 127.0.0.1:6101
[2017-01-09 11:46:38.3400]  Start ||    at System.Net.Sockets.Socket.DoConnect(EndPoint endPointSnapshot, SocketAddress socketAddress)
   at System.Net.Sockets.Socket.Connect(EndPoint remoteEP)
   at Contact_Center_Kone.Utility.Telephony.Start() in E:\Project Desktop\Kone\Contact Center Kone\Utility\Telephony.cs:line 53 || No connection could be made because the target machine actively refused it 127.0.0.1:6101
[2017-01-09 12:50:31.0139]  Start ||    at System.Net.Sockets.Socket.DoConnect(EndPoint endPointSnapshot, SocketAddress socketAddress)
   at System.Net.Sockets.Socket.Connect(EndPoint remoteEP)
   at Contact_Center_Kone.Utility.Telephony.Start() in E:\Project Desktop\Kone\Contact Center Kone\Utility\Telephony.cs:line 53 || No connection could be made because the target machine actively refused it 127.0.0.1:6101
[2017-01-09 12:50:36.1853]  GetQueueActivity ||    at MySql.Data.MySqlClient.MySqlStream.ReadPacket()
   at MySql.Data.MySqlClient.NativeDriver.AuthenticateNew(Boolean reset)
   at MySql.Data.MySqlClient.NativeDriver.Authenticate(Boolean reset)
   at MySql.Data.MySqlClient.NativeDriver.Open()
   at MySql.Data.MySqlClient.Driver.Open()
   at MySql.Data.MySqlClient.Driver.Create(MySqlConnectionStringBuilder settings)
   at MySql.Data.MySqlClient.MySqlPool.GetPooledConnection()
   at MySql.Data.MySqlClient.MySqlPool.TryToGetDriver()
   at MySql.Data.MySqlClient.MySqlPool.GetConnection()
   at MySql.Data.MySqlClient.MySqlConnection.Open()
   at Contact_Center_Kone.Dao.QueueActivityDao.GetQueueActivity() in E:\Project Desktop\Kone\Contact Center Kone\Dao\QueueActivityDao.cs:line 28 || Unknown database 'call_monitor'
[2017-01-09 12:52:14.6784]  InsertLogin_TotalDuration ||    at MySql.Data.MySqlClient.MySqlStream.ReadPacket()
   at MySql.Data.MySqlClient.NativeDriver.GetResult(Int32& affectedRow, Int32& insertedId)
   at MySql.Data.MySqlClient.Driver.GetResult(Int32 statementId, Int32& affectedRows, Int32& insertedId)
   at MySql.Data.MySqlClient.Driver.NextResult(Int32 statementId, Boolean force)
   at MySql.Data.MySqlClient.MySqlDataReader.NextResult()
   at MySql.Data.MySqlClient.MySqlCommand.ExecuteReader(CommandBehavior behavior)
   at MySql.Data.MySqlClient.MySqlCommand.ExecuteNonQuery()
   at Contact_Center_Kone.Dao.UserDao.InsertLogin_TotalDuration() in E:\Project Desktop\Kone\Contact Center Kone\Dao\UserDao.cs:line 732 || Truncated incorrect time value: '297'
[2017-01-09 12:58:15.8410]  Start ||    at System.Net.Sockets.Socket.DoConnect(EndPoint endPointSnapshot, SocketAddress socketAddress)
   at System.Net.Sockets.Socket.Connect(EndPoint remoteEP)
   at Contact_Center_Kone.Utility.Telephony.Start() in E:\Project Desktop\Kone\Contact Center Kone\Utility\Telephony.cs:line 53 || No connection could be made because the target machine actively refused it 127.0.0.1:6101
[2017-01-09 12:58:23.0474]  GetQueueActivity ||    at MySql.Data.MySqlClient.MySqlStream.ReadPacket()
   at MySql.Data.MySqlClient.NativeDriver.AuthenticateNew(Boolean reset)
   at MySql.Data.MySqlClient.NativeDriver.Authenticate(Boolean reset)
   at MySql.Data.MySqlClient.NativeDriver.Open()
   at MySql.Data.MySqlClient.Driver.Open()
   at MySql.Data.MySqlClient.Driver.Create(MySqlConnectionStringBuilder settings)
   at MySql.Data.MySqlClient.MySqlPool.GetPooledConnection()
   at MySql.Data.MySqlClient.MySqlPool.TryToGetDriver()
   at MySql.Data.MySqlClient.MySqlPool.GetConnection()
   at MySql.Data.MySqlClient.MySqlConnection.Open()
   at Contact_Center_Kone.Dao.QueueActivityDao.GetQueueActivity() in E:\Project Desktop\Kone\Contact Center Kone\Dao\QueueActivityDao.cs:line 28 || Unknown database 'call_monitor'
[2017-01-09 12:58:37.9211]  InsertLogin_TotalDuration ||    at MySql.Data.MySqlClient.MySqlStream.ReadPacket()
   at MySql.Data.MySqlClient.NativeDriver.GetResult(Int32& affectedRow, Int32& insertedId)
   at MySql.Data.MySqlClient.Driver.GetResult(Int32 statementId, Int32& affectedRows, Int32& insertedId)
   at MySql.Data.MySqlClient.Driver.NextResult(Int32 statementId, Boolean force)
   at MySql.Data.MySqlClient.MySqlDataReader.NextResult()
   at MySql.Data.MySqlClient.MySqlCommand.ExecuteReader(CommandBehavior behavior)
   at MySql.Data.MySqlClient.MySqlCommand.ExecuteNonQuery()
   at Contact_Center_Kone.Dao.UserDao.InsertLogin_TotalDuration() in E:\Project Desktop\Kone\Contact Center Kone\Dao\UserDao.cs:line 732 || Truncated incorrect time value: '173'
[2017-01-09 13:00:08.7689]  Start ||    at System.Net.Sockets.Socket.DoConnect(EndPoint endPointSnapshot, SocketAddress socketAddress)
   at System.Net.Sockets.Socket.Connect(EndPoint remoteEP)
   at Contact_Center_Kone.Utility.Telephony.Start() in E:\Project Desktop\Kone\Contact Center Kone\Utility\Telephony.cs:line 53 || No connection could be made because the target machine actively refused it 127.0.0.1:6101
[2017-01-09 13:00:13.5670]  GetQueueActivity ||    at MySql.Data.MySqlClient.MySqlStream.ReadPacket()
   at MySql.Data.MySqlClient.NativeDriver.AuthenticateNew(Boolean reset)
   at MySql.Data.MySqlClient.NativeDriver.Authenticate(Boolean reset)
   at MySql.Data.MySqlClient.NativeDriver.Open()
   at MySql.Data.MySqlClient.Driver.Open()
   at MySql.Data.MySqlClient.Driver.Create(MySqlConnectionStringBuilder settings)
   at MySql.Data.MySqlClient.MySqlPool.GetPooledConnection()
   at MySql.Data.MySqlClient.MySqlPool.TryToGetDriver()
   at MySql.Data.MySqlClient.MySqlPool.GetConnection()
   at MySql.Data.MySqlClient.MySqlConnection.Open()
   at Contact_Center_Kone.Dao.QueueActivityDao.GetQueueActivity() in E:\Project Desktop\Kone\Contact Center Kone\Dao\QueueActivityDao.cs:line 28 || Unknown database 'call_monitor'
[2017-01-09 13:02:23.4868]  InsertLogin_TotalDuration ||    at MySql.Data.MySqlClient.MySqlStream.ReadPacket()
   at MySql.Data.MySqlClient.NativeDriver.GetResult(Int32& affectedRow, Int32& insertedId)
   at MySql.Data.MySqlClient.Driver.GetResult(Int32 statementId, Int32& affectedRows, Int32& insertedId)
   at MySql.Data.MySqlClient.Driver.NextResult(Int32 statementId, Boolean force)
   at MySql.Data.MySqlClient.MySqlDataReader.NextResult()
   at MySql.Data.MySqlClient.MySqlCommand.ExecuteReader(CommandBehavior behavior)
   at MySql.Data.MySqlClient.MySqlCommand.ExecuteNonQuery()
   at Contact_Center_Kone.Dao.UserDao.InsertLogin_TotalDuration() in E:\Project Desktop\Kone\Contact Center Kone\Dao\UserDao.cs:line 732 || Truncated incorrect time value: '368'
[2017-01-09 13:02:42.5048]  Start ||    at System.Net.Sockets.Socket.DoConnect(EndPoint endPointSnapshot, SocketAddress socketAddress)
   at System.Net.Sockets.Socket.Connect(EndPoint remoteEP)
   at Contact_Center_Kone.Utility.Telephony.Start() in E:\Project Desktop\Kone\Contact Center Kone\Utility\Telephony.cs:line 53 || No connection could be made because the target machine actively refused it 127.0.0.1:6101
[2017-01-09 13:02:47.1131]  GetQueueActivity ||    at MySql.Data.MySqlClient.MySqlStream.ReadPacket()
   at MySql.Data.MySqlClient.NativeDriver.AuthenticateNew(Boolean reset)
   at MySql.Data.MySqlClient.NativeDriver.Authenticate(Boolean reset)
   at MySql.Data.MySqlClient.NativeDriver.Open()
   at MySql.Data.MySqlClient.Driver.Open()
   at MySql.Data.MySqlClient.Driver.Create(MySqlConnectionStringBuilder settings)
   at MySql.Data.MySqlClient.MySqlPool.GetPooledConnection()
   at MySql.Data.MySqlClient.MySqlPool.TryToGetDriver()
   at MySql.Data.MySqlClient.MySqlPool.GetConnection()
   at MySql.Data.MySqlClient.MySqlConnection.Open()
   at Contact_Center_Kone.Dao.QueueActivityDao.GetQueueActivity() in E:\Project Desktop\Kone\Contact Center Kone\Dao\QueueActivityDao.cs:line 28 || Unknown database 'call_monitor'
[2017-01-09 13:03:12.0655]  InsertLogin_TotalDuration ||    at MySql.Data.MySqlClient.MySqlStream.ReadPacket()
   at MySql.Data.MySqlClient.NativeDriver.GetResult(Int32& affectedRow, Int32& insertedId)
   at MySql.Data.MySqlClient.Driver.GetResult(Int32 statementId, Int32& affectedRows, Int32& insertedId)
   at MySql.Data.MySqlClient.Driver.NextResult(Int32 statementId, Boolean force)
   at MySql.Data.MySqlClient.MySqlDataReader.NextResult()
   at MySql.Data.MySqlClient.MySqlCommand.ExecuteReader(CommandBehavior behavior)
   at MySql.Data.MySqlClient.MySqlCommand.ExecuteNonQuery()
   at Contact_Center_Kone.Dao.UserDao.InsertLogin_TotalDuration() in E:\Project Desktop\Kone\Contact Center Kone\Dao\UserDao.cs:line 732 || Truncated incorrect time value: '183'
[2017-01-09 13:04:43.2428]  Start ||    at System.Net.Sockets.Socket.DoConnect(EndPoint endPointSnapshot, SocketAddress socketAddress)
   at System.Net.Sockets.Socket.Connect(EndPoint remoteEP)
   at Contact_Center_Kone.Utility.Telephony.Start() in E:\Project Desktop\Kone\Contact Center Kone\Utility\Telephony.cs:line 53 || No connection could be made because the target machine actively refused it 127.0.0.1:6101
[2017-01-09 13:04:48.1846]  GetQueueActivity ||    at MySql.Data.MySqlClient.MySqlStream.ReadPacket()
   at MySql.Data.MySqlClient.NativeDriver.AuthenticateNew(Boolean reset)
   at MySql.Data.MySqlClient.NativeDriver.Authenticate(Boolean reset)
   at MySql.Data.MySqlClient.NativeDriver.Open()
   at MySql.Data.MySqlClient.Driver.Open()
   at MySql.Data.MySqlClient.Driver.Create(MySqlConnectionStringBuilder settings)
   at MySql.Data.MySqlClient.MySqlPool.GetPooledConnection()
   at MySql.Data.MySqlClient.MySqlPool.TryToGetDriver()
   at MySql.Data.MySqlClient.MySqlPool.GetConnection()
   at MySql.Data.MySqlClient.MySqlConnection.Open()
   at Contact_Center_Kone.Dao.QueueActivityDao.GetQueueActivity() in E:\Project Desktop\Kone\Contact Center Kone\Dao\QueueActivityDao.cs:line 28 || Unknown database 'call_monitor'
[2017-01-09 16:24:59.3006]  Start ||    at System.Net.Sockets.Socket.DoConnect(EndPoint endPointSnapshot, SocketAddress socketAddress)
   at System.Net.Sockets.Socket.Connect(EndPoint remoteEP)
   at Contact_Center_Kone.Utility.Telephony.Start() in E:\Project Desktop\Kone\Contact Center Kone\Utility\Telephony.cs:line 53 || No connection could be made because the target machine actively refused it 127.0.0.1:6101
[2017-01-09 16:25:05.7936]  GetQueueActivity ||    at MySql.Data.MySqlClient.MySqlStream.ReadPacket()
   at MySql.Data.MySqlClient.NativeDriver.AuthenticateNew(Boolean reset)
   at MySql.Data.MySqlClient.NativeDriver.Authenticate(Boolean reset)
   at MySql.Data.MySqlClient.NativeDriver.Open()
   at MySql.Data.MySqlClient.Driver.Open()
   at MySql.Data.MySqlClient.Driver.Create(MySqlConnectionStringBuilder settings)
   at MySql.Data.MySqlClient.MySqlPool.GetPooledConnection()
   at MySql.Data.MySqlClient.MySqlPool.TryToGetDriver()
   at MySql.Data.MySqlClient.MySqlPool.GetConnection()
   at MySql.Data.MySqlClient.MySqlConnection.Open()
   at Contact_Center_Kone.Dao.QueueActivityDao.GetQueueActivity() in E:\Project Desktop\Kone\Contact Center Kone\Dao\QueueActivityDao.cs:line 28 || Unknown database 'call_monitor'
[2017-01-09 16:25:41.8718]  Start ||    at System.Net.Sockets.Socket.DoConnect(EndPoint endPointSnapshot, SocketAddress socketAddress)
   at System.Net.Sockets.Socket.Connect(EndPoint remoteEP)
   at Contact_Center_Kone.Utility.Telephony.Start() in E:\Project Desktop\Kone\Contact Center Kone\Utility\Telephony.cs:line 53 || No connection could be made because the target machine actively refused it 127.0.0.1:6101
[2017-01-09 16:37:43.4609]  Start ||    at System.Net.Sockets.Socket.DoConnect(EndPoint endPointSnapshot, SocketAddress socketAddress)
   at System.Net.Sockets.Socket.Connect(EndPoint remoteEP)
   at Contact_Center_Kone.Utility.Telephony.Start() in E:\Project Desktop\Kone\Contact Center Kone\Utility\Telephony.cs:line 53 || No connection could be made because the target machine actively refused it 127.0.0.1:6101
[2017-01-09 16:40:44.0766]  Start ||    at System.Net.Sockets.Socket.DoConnect(EndPoint endPointSnapshot, SocketAddress socketAddress)
   at System.Net.Sockets.Socket.Connect(EndPoint remoteEP)
   at Contact_Center_Kone.Utility.Telephony.Start() in E:\Project Desktop\Kone\Contact Center Kone\Utility\Telephony.cs:line 53 || No connection could be made because the target machine actively refused it 127.0.0.1:6101
[2017-01-09 16:42:40.4169]  Start ||    at System.Net.Sockets.Socket.DoConnect(EndPoint endPointSnapshot, SocketAddress socketAddress)
   at System.Net.Sockets.Socket.Connect(EndPoint remoteEP)
   at Contact_Center_Kone.Utility.Telephony.Start() in E:\Project Desktop\Kone\Contact Center Kone\Utility\Telephony.cs:line 53 || No connection could be made because the target machine actively refused it 127.0.0.1:6101
[2017-01-09 16:45:56.1262]  Start ||    at System.Net.Sockets.Socket.DoConnect(EndPoint endPointSnapshot, SocketAddress socketAddress)
   at System.Net.Sockets.Socket.Connect(EndPoint remoteEP)
   at Contact_Center_Kone.Utility.Telephony.Start() in E:\Project Desktop\Kone\Contact Center Kone\Utility\Telephony.cs:line 53 || No connection could be made because the target machine actively refused it 127.0.0.1:6101
[2017-01-09 17:05:43.9144]  Start ||    at System.Net.Sockets.Socket.DoConnect(EndPoint endPointSnapshot, SocketAddress socketAddress)
   at System.Net.Sockets.Socket.Connect(EndPoint remoteEP)
   at Contact_Center_Kone.Utility.Telephony.Start() in E:\Project Desktop\Kone\Contact Center Kone\Utility\Telephony.cs:line 53 || No connection could be made because the target machine actively refused it 127.0.0.1:6101
[2017-01-09 17:13:34.9908]  Start ||    at System.Net.Sockets.Socket.DoConnect(EndPoint endPointSnapshot, SocketAddress socketAddress)
   at System.Net.Sockets.Socket.Connect(EndPoint remoteEP)
   at Contact_Center_Kone.Utility.Telephony.Start() in E:\Project Desktop\Kone\Contact Center Kone\Utility\Telephony.cs:line 53 || No connection could be made because the target machine actively refused it 127.0.0.1:6101
[2017-01-09 17:18:14.9300]  CountSms ||    at MySql.Data.MySqlClient.TimedStream.StopTimer()
   at MySql.Data.MySqlClient.TimedStream.Read(Byte[] buffer, Int32 offset, Int32 count)
   at System.IO.BufferedStream.Read(Byte[] array, Int32 offset, Int32 count)
   at MySql.Data.MySqlClient.MySqlStream.ReadFully(Stream stream, Byte[] buffer, Int32 offset, Int32 count)
   at MySql.Data.MySqlClient.MySqlStream.LoadPacket()
   at MySql.Data.MySqlClient.MySqlStream.ReadPacket()
   at MySql.Data.MySqlClient.NativeDriver.ReadOk(Boolean read)
   at MySql.Data.MySqlClient.NativeDriver.SetDatabase(String dbName)
   at MySql.Data.MySqlClient.Driver.SetDatabase(String dbName)
   at MySql.Data.MySqlClient.MySqlConnection.ChangeDatabase(String databaseName)
   at MySql.Data.MySqlClient.MySqlConnection.Open()
   at Contact_Center_Kone.Dao.LogSmsDao.CountSms() || Timeout in IO operation
[2017-01-09 17:26:30.8843]  Start ||    at System.Net.Sockets.Socket.DoConnect(EndPoint endPointSnapshot, SocketAddress socketAddress)
   at System.Net.Sockets.Socket.Connect(EndPoint remoteEP)
   at Contact_Center_Kone.Utility.Telephony.Start() in E:\Project Desktop\Kone\Contact Center Kone\Utility\Telephony.cs:line 53 || No connection could be made because the target machine actively refused it 127.0.0.1:6101
[2017-01-09 17:28:25.4547]  Start ||    at System.Net.Sockets.Socket.DoConnect(EndPoint endPointSnapshot, SocketAddress socketAddress)
   at System.Net.Sockets.Socket.Connect(EndPoint remoteEP)
   at Contact_Center_Kone.Utility.Telephony.Start() in E:\Project Desktop\Kone\Contact Center Kone\Utility\Telephony.cs:line 53 || No connection could be made because the target machine actively refused it 127.0.0.1:6101
